2021-12-20 19:02:07,643 --------------------------------------------------------------------------------
2021-12-20 19:02:07,644 Working directory:
2021-12-20 19:02:07,645   /
2021-12-20 19:02:07,646    tmp/
2021-12-20 19:02:07,646     DisplayCAL-C5yMzd/
2021-12-20 19:02:07,647 
2021-12-20 19:02:07,648 Command line:
2021-12-20 19:02:07,648   /usr/bin/dispread
2021-12-20 19:02:07,649     -v
2021-12-20 19:02:07,650     -k
2021-12-20 19:02:07,650     /usr/share/DisplayCAL/linear.cal
2021-12-20 19:02:07,651     -d2
2021-12-20 19:02:07,652     -c1
2021-12-20 19:02:07,652     -yn
2021-12-20 19:02:07,653     -P0.5,0.5,50.0
2021-12-20 19:02:07,654     0_16
2021-12-20 19:02:07,654 
2021-12-20 19:02:07,677 DisplayCAL: Starting interaction with subprocess
2021-12-20 19:02:11,253 Number of patches = 3
2021-12-20 19:02:11,259 Setting up the instrument
2021-12-20 19:02:12,391 Product Name:      Colormunki Display
2021-12-20 19:02:12,392 Serial Number:     CM-19.B-02.504495.10
2021-12-20 19:02:12,393 Firmware Version:  v2.28
2021-12-20 19:02:12,394 Firmware Date:     29Jan14
2021-12-20 19:02:12,400 dispread: Warning - new_dispwin: Expected VideoLUT depth 8 doesn't match actual 10
2021-12-20 19:02:12,744 Place instrument on test window.
2021-12-20 19:02:12,748 DisplayCAL: Waiting for send buffer
2021-12-20 19:02:12,750 DisplayCAL: Detected instrument placement (screen/spot) message
2021-12-20 19:02:14,251 DisplayCAL: Skipping place instrument on screen message...
2021-12-20 19:02:14,254 DisplayCAL: Sending buffer: ' '
2021-12-20 19:02:14,307 Hit Esc or Q to give up, any other key to continue:
2021-12-20 19:02:40,555 Patch 3 of 3
2021-12-20 19:02:40,556 The instrument can be removed from the screen.
2021-12-20 19:02:40,946 Written '0_16.ti3'
2021-12-20 19:02:40,949 DisplayCAL: Reached EOF (OK)
2021-12-20 19:02:41,051 dispread exitcode: 0
2021-12-20 19:02:41,092 RGB level 0 is 0.013632 cd/m2
2021-12-20 19:02:41,093 RGB level 16 is 0.079559 cd/m2
2021-12-20 19:02:41,094 Assuming full range output levels
