2021-12-20 19:02:41,107 --------------------------------------------------------------------------------
2021-12-20 19:02:41,109 Working directory:
2021-12-20 19:02:41,109   /
2021-12-20 19:02:41,110    tmp/
2021-12-20 19:02:41,111     DisplayCAL-C5yMzd/
2021-12-20 19:02:41,112 
2021-12-20 19:02:41,113 Command line:
2021-12-20 19:02:41,113   /usr/bin/dispcal
2021-12-20 19:02:41,114     -v2
2021-12-20 19:02:41,115     -d2
2021-12-20 19:02:41,116     -c1
2021-12-20 19:02:41,117     -yn
2021-12-20 19:02:41,117     -P0.5,0.5,50.0
2021-12-20 19:02:41,118     -qv
2021-12-20 19:02:41,119     -t6500
2021-12-20 19:02:41,120     -g2.2
2021-12-20 19:02:41,120     -f1.0
2021-12-20 19:02:41,121     -k0
2021-12-20 19:02:41,122     -A4.0
2021-12-20 19:02:41,123     -b
2021-12-20 19:02:41,124     'MStar Demo #2 2021-12-20 19-01 D6500 2.2 VF-S XYZLUT+MTX'
2021-12-20 19:02:41,124 
2021-12-20 19:02:41,147 DisplayCAL: Starting interaction with subprocess
2021-12-20 19:02:44,714 Setting up the instrument
2021-12-20 19:02:45,810 Product Name:      Colormunki Display
2021-12-20 19:02:45,811 Serial Number:     CM-19.B-02.504495.10
2021-12-20 19:02:45,811 Firmware Version:  v2.28
2021-12-20 19:02:45,812 Firmware Date:     29Jan14
2021-12-20 19:02:45,815 dispcal: Warning - new_dispwin: Expected VideoLUT depth 8 doesn't match actual 10
2021-12-20 19:02:46,126 Place instrument on test window.
2021-12-20 19:02:46,129 DisplayCAL: Waiting for send buffer
2021-12-20 19:02:46,131 DisplayCAL: Detected instrument placement (screen/spot) message
2021-12-20 19:02:47,633 DisplayCAL: Skipping place instrument on screen message...
2021-12-20 19:02:47,643 DisplayCAL: Sending buffer: ' '
2021-12-20 19:02:47,697 Hit Esc or Q to give up, any other key to continue:
2021-12-20 19:02:47,698 Display type is 'n'
2021-12-20 19:02:47,699 Target white = 6500.000000 degrees kelvin Daylight spectrum
2021-12-20 19:02:47,700 Target white brightness = native brightness
2021-12-20 19:02:47,701 Target black brightness = native brightness
2021-12-20 19:02:47,702 Black point device hack is enabled
2021-12-20 19:02:47,703 Target advertised gamma = 2.200000
2021-12-20 19:02:47,704 
2021-12-20 19:02:47,704 Display adjustment menu:
2021-12-20 19:02:47,705 Press 1 .. 7
2021-12-20 19:02:47,706 1) Black level (CRT: Offset/Brightness)
2021-12-20 19:02:47,707 2) White point (Color temperature, R,G,B, Gain/Contrast)
2021-12-20 19:02:47,707 3) White level (CRT: Gain/Contrast, LCD: Brightness/Backlight)
2021-12-20 19:02:47,708 4) Black point (R,G,B, Offset/Brightness)
2021-12-20 19:02:47,709 5) Check all
2021-12-20 19:02:47,710 6) Measure and set ambient for viewing condition adjustment
2021-12-20 19:02:47,711 7) Continue on to calibration
2021-12-20 19:02:47,711 8) Exit
2021-12-20 19:02:47,721 DisplayCAL: Waiting for send buffer
2021-12-20 19:02:51,845 DisplayCAL: Sending buffer: '2'
2021-12-20 19:02:51,898 Doing some initial measurements
2021-12-20 19:03:06,930 Red   = XYZ  1.451  0.873  0.196
2021-12-20 19:03:06,931 Green = XYZ  1.898  3.319  0.502
2021-12-20 19:03:06,932 Blue  = XYZ  1.208  1.134  5.128
2021-12-20 19:03:09,925 White = XYZ  4.435  5.212  5.845
2021-12-20 19:03:09,928 
2021-12-20 19:03:09,929 Adjust R,G & B gain to get target x,y. Press space when done.
2021-12-20 19:03:09,930    Target Br 5.21, x 0.3128 , y 0.3292
2021-12-20 19:10:36,999 DisplayCAL: Sending buffer: ' '
2021-12-20 19:10:37,256 \ Current Br 3.39, x 0.3137-, y 0.3302-  DE  0.6  R-  G-- B+
2021-12-20 19:10:37,258 
2021-12-20 19:10:37,259 Press 1 .. 7
2021-12-20 19:10:37,260 1) Black level (CRT: Offset/Brightness)
2021-12-20 19:10:37,261 2) White point (Color temperature, R,G,B, Gain/Contrast)
2021-12-20 19:10:37,262 3) White level (CRT: Gain/Contrast, LCD: Brightness/Backlight)
2021-12-20 19:10:37,263 4) Black point (R,G,B, Offset/Brightness)
2021-12-20 19:10:37,264 5) Check all
2021-12-20 19:10:37,265 6) Measure and set ambient for viewing condition adjustment
2021-12-20 19:10:37,266 7) Continue on to calibration
2021-12-20 19:10:37,267 8) Exit
2021-12-20 19:10:37,273 DisplayCAL: Waiting for send buffer
2021-12-20 19:10:43,151 DisplayCAL: Sending buffer: '7'
2021-12-20 19:10:43,204 Commencing display calibration
2021-12-20 19:12:17,112 Patch 9 of 9
2021-12-20 19:12:17,114 Black = XYZ 0.0119 0.0117 0.0141
2021-12-20 19:12:17,115 Red   = XYZ  1.477  0.888  0.198
2021-12-20 19:12:17,116 Green = XYZ  1.095  1.912  0.292
2021-12-20 19:12:17,118 Blue  = XYZ  0.795  0.707  2.884
2021-12-20 19:12:17,119 White = XYZ  3.214  3.380  3.663
2021-12-20 19:18:13,214 Patch 40 of 40
2021-12-20 19:18:14,221 
2021-12-20 19:18:14,222 Initial native brightness target = 3.379528 cd/m^2
2021-12-20 19:18:14,224 Had to scale brightness from 3.379528 to 3.366312 to fit within gamut,
2021-12-20 19:18:14,225 corresponding to aprox. RGB 0.811521 0.985138 1.000000
2021-12-20 19:18:14,226 Target white value is XYZ 3.198575 3.366312 3.660954 [xy 0.312793 0.329197]
2021-12-20 19:18:14,227 Adjusted target black XYZ 0.0119 0.0117 0.0141, Lab 3.150 0.870 -0.550
2021-12-20 19:18:14,228 Target black after min adjust: XYZ 0.0119 0.0117 0.0141, Lab 3.150 0.870 -0.550
2021-12-20 19:18:14,234 Gamma curve input offset = 0.000000, output offset = 0.003487, power = 2.218262
2021-12-20 19:18:14,236 Total Iteration 1, Final Samples = 16 Final Repeat threshold = 1.500000
2021-12-20 19:18:14,238 Creating initial calibration curves...
2021-12-20 19:18:14,982 
2021-12-20 19:18:14,983 Doing iteration 1/1 with 16 sample points and repeat threshold of 1.500000 DE
2021-12-20 19:18:17,928 Patch 1 of 16 DE 0.370155, W.DE 0.370155, W.peqDE 0.370155, OK ( < 1.500000)
2021-12-20 19:18:22,231 Patch 2 of 16 DE 20.613778, W.DE 20.613778, peqDE 20.508513, Repeat
2021-12-20 19:18:25,391 Patch 2 of 16 DE 1.971569, W.DE 1.971569, peqDE 2.023274, Repeat
2021-12-20 19:18:37,754 Patch 2 of 16 DE 1.772589, W.DE 1.772589, peqDE 1.656181, Repeat
2021-12-20 19:18:40,828 Patch 2 of 16 DE 2.094491, W.DE 2.094491, peqDE 2.326426, Repeat (got worse)
2021-12-20 19:18:43,805 Patch 2 of 16 DE 1.290399, W.DE 1.290399, W.peqDE 1.003917, OK ( < 1.500000)
2021-12-20 19:18:48,114 Patch 3 of 16 DE 13.476149, W.DE 13.476149, peqDE 13.386560, Repeat
2021-12-20 19:18:52,384 Patch 3 of 16 DE 7.963748, W.DE 7.963748, peqDE 7.290728, Repeat
2021-12-20 19:18:55,557 Patch 3 of 16 DE 3.606882, W.DE 3.606882, peqDE 3.677383, Repeat
2021-12-20 19:18:58,648 Patch 3 of 16 DE 2.371999, W.DE 2.371999, peqDE 3.089065, Repeat
2021-12-20 19:19:01,741 Patch 3 of 16 DE 0.762571, W.DE 0.762571, peqDE 1.605091, Repeat
2021-12-20 19:19:15,300 Patch 3 of 16 DE 0.804675, W.DE 0.804675, W.peqDE 1.114387, OK ( < 1.500000)
2021-12-20 19:19:19,644 Patch 4 of 16 DE 9.898220, W.DE 9.898220, peqDE 9.890056, Repeat
2021-12-20 19:19:24,075 Patch 4 of 16 DE 7.171844, W.DE 7.171844, peqDE 6.543301, Repeat
2021-12-20 19:19:28,346 Patch 4 of 16 DE 1.450436, W.DE 1.450436, peqDE 2.204575, Repeat
2021-12-20 19:19:32,581 Patch 4 of 16 DE 1.122914, W.DE 1.122914, W.peqDE 0.731562, OK ( < 1.500000)
2021-12-20 19:19:36,957 Patch 5 of 16 DE 10.350382, W.DE 10.350382, peqDE 10.315401, Repeat
2021-12-20 19:19:55,530 Patch 5 of 16 DE 8.932187, W.DE 8.932187, peqDE 8.341907, Repeat
2021-12-20 19:19:58,747 Patch 5 of 16 DE 24.735928, W.DE 24.735928, peqDE 25.157690, Repeat (got worse)
2021-12-20 19:20:03,372 Patch 5 of 16 DE 12.081689, W.DE 12.081689, peqDE 11.726218, Repeat (got worse)
2021-12-20 19:20:07,978 Patch 5 of 16 DE 8.537882, W.DE 8.537882, peqDE 8.135338, Repeat
2021-12-20 19:20:12,366 Patch 5 of 16 DE 7.042903, W.DE 7.042903, peqDE 7.522028, Repeat
2021-12-20 19:20:16,771 Patch 5 of 16 DE 1.192161, W.DE 1.192161, W.peqDE 1.335042, OK ( < 1.500000)
2021-12-20 19:20:21,397 Patch 6 of 16 DE 11.528178, W.DE 11.528178, peqDE 12.608017, Repeat
2021-12-20 19:20:26,319 Patch 6 of 16 DE 7.831051, W.DE 7.831051, peqDE 6.811065, Repeat
2021-12-20 19:20:30,950 Patch 6 of 16 DE 5.567654, W.DE 5.567654, peqDE 6.693502, Repeat
2021-12-20 19:20:35,656 Patch 6 of 16 DE 2.464324, W.DE 2.464324, peqDE 1.804772, Repeat
2021-12-20 19:20:40,241 Patch 6 of 16 DE 1.584353, W.DE 1.584353, peqDE 2.473730, Repeat
2021-12-20 19:20:44,829 Patch 6 of 16 DE 1.068922, W.DE 1.068922, W.peqDE 0.960459, OK ( < 1.500000)
2021-12-20 19:20:49,839 Patch 7 of 16 DE 6.575239, W.DE 6.575239, peqDE 6.476297, Repeat
2021-12-20 19:20:54,966 Patch 7 of 16 DE 1.773957, W.DE 1.773957, peqDE 1.489532, Repeat
2021-12-20 19:20:59,948 Patch 7 of 16 DE 0.393208, W.DE 0.393208, W.peqDE 1.444617, OK ( < 1.500000)
2021-12-20 19:21:05,506 Patch 8 of 16 DE 4.937528, W.DE 4.937528, peqDE 4.877826, Repeat
2021-12-20 19:21:10,910 Patch 8 of 16 DE 0.377484, W.DE 0.377484, W.peqDE 0.651469, OK ( < 1.500000)
2021-12-20 19:21:17,205 Patch 9 of 16 DE 3.508828, W.DE 3.508828, peqDE 3.307465, Repeat
2021-12-20 19:21:23,185 Patch 9 of 16 DE 2.017979, W.DE 2.017979, peqDE 2.150307, Repeat
2021-12-20 19:21:47,640 Patch 9 of 16 DE 2.017979, W.DE 2.017979, peqDE 2.150307, Repeat
2021-12-20 19:21:53,643 Patch 9 of 16 DE 0.298203, W.DE 0.298203, W.peqDE 0.171258, OK ( < 1.500000)
2021-12-20 19:22:01,176 Patch 10 of 16 DE 2.969160, W.DE 2.969160, peqDE 2.728722, Repeat
2021-12-20 19:22:08,121 Patch 10 of 16 DE 1.827185, W.DE 1.827185, peqDE 2.217727, Repeat
2021-12-20 19:22:15,034 Patch 10 of 16 DE 0.828098, W.DE 0.828098, W.peqDE 0.816837, OK ( < 1.500000)
2021-12-20 19:22:24,672 Patch 11 of 16 DE 3.779387, W.DE 3.779387, peqDE 3.471302, Repeat
2021-12-20 19:22:32,951 Patch 11 of 16 DE 2.021787, W.DE 2.021787, peqDE 2.340908, Repeat
2021-12-20 19:22:41,572 Patch 11 of 16 DE 0.821577, W.DE 0.821577, W.peqDE 0.971726, OK ( < 1.500000)
2021-12-20 19:22:53,914 Patch 12 of 16 DE 2.982677, W.DE 2.982677, peqDE 2.607743, Repeat
2021-12-20 19:23:04,552 Patch 12 of 16 DE 1.158537, W.DE 1.158537, peqDE 1.754671, Repeat
2021-12-20 19:23:46,150 Patch 12 of 16 DE 1.158537, W.DE 1.158537, peqDE 1.754671, Repeat
2021-12-20 19:23:57,748 Patch 12 of 16 DE 1.924801, W.DE 1.924801, peqDE 1.067229, Repeat (got worse)
2021-12-20 19:24:08,364 Patch 12 of 16 DE 1.889458, W.DE 1.889458, peqDE 2.751526, Repeat
2021-12-20 19:24:19,484 Patch 12 of 16 DE 1.824376, W.DE 1.824376, peqDE 0.964460, Repeat
2021-12-20 19:24:29,886 Patch 12 of 16 DE 1.111704, W.DE 1.111704, peqDE 1.960437, Repeat (got worse)
2021-12-20 19:24:40,462 Patch 12 of 16 DE 0.455603, W.DE 0.455603, W.peqDE 1.116790, OK ( < 1.500000)
2021-12-20 19:24:55,237 Patch 13 of 16 DE 1.998989, W.DE 1.998989, peqDE 1.988514, Repeat
2021-12-20 19:25:09,092 Patch 13 of 16 DE 0.860810, W.DE 0.860810, peqDE 1.159869, Repeat
2021-12-20 19:25:57,365 Patch 13 of 16 DE 0.860810, W.DE 0.860810, peqDE 1.159869, Repeat
2021-12-20 19:26:11,279 Patch 13 of 16 DE 1.315013, W.DE 1.315013, peqDE 1.293326, Repeat
2021-12-20 19:26:24,818 Patch 13 of 16 DE 0.823322, W.DE 0.823322, W.peqDE 0.575039, OK ( < 1.136548)
2021-12-20 19:26:40,631 Patch 14 of 16 DE 0.773389, W.DE 0.773389, peqDE 1.081107, Repeat
2021-12-20 19:26:58,367 Patch 14 of 16 DE 0.545886, W.DE 0.545886, peqDE 1.011100, Repeat
2021-12-20 19:27:53,225 Patch 14 of 16 DE 0.545886, W.DE 0.545886, peqDE 1.011100, Repeat
2021-12-20 19:28:09,692 Patch 14 of 16 DE 0.392597, W.DE 0.392597, peqDE 0.879604, Repeat
2021-12-20 19:28:25,892 Patch 14 of 16 DE 0.261082, W.DE 0.261082, peqDE 0.784257, Repeat
2021-12-20 19:28:41,789 Patch 14 of 16 DE 0.564616, W.DE 0.564616, peqDE 0.876064, Repeat
2021-12-20 19:28:56,566 Patch 14 of 16 DE 0.890625, W.DE 0.890625, peqDE 0.188609, Repeat (got worse)
2021-12-20 19:29:12,264 Patch 14 of 16 DE 0.247163, W.DE 0.247163, peqDE 0.874098, Repeat
2021-12-20 19:29:27,939 Patch 14 of 16 DE 0.172635, W.DE 0.172635, peqDE 0.841427, Repeat
2021-12-20 19:29:43,614 Patch 14 of 16 DE 0.172635, W.DE 0.172635, W.peqDE 0.841427, Fail ( > 0.326598)
2021-12-20 19:29:59,196 Patch 15 of 16 DE 0.301763, W.DE 0.301763, peqDE 0.533847, Repeat
2021-12-20 19:30:58,947 Patch 15 of 16 DE 0.301763, W.DE 0.301763, peqDE 0.533847, Repeat
2021-12-20 19:31:17,196 Patch 15 of 16 DE 0.612706, W.DE 7.899978, peqDE 0.533847, Repeat (got worse)
2021-12-20 19:31:32,952 Patch 15 of 16 DE 0.383964, W.DE 0.383964, peqDE 0.614999, Repeat
2021-12-20 19:31:50,895 Patch 15 of 16 DE 0.659399, W.DE 9.148274, peqDE 0.533847, Repeat (got worse)
2021-12-20 19:32:06,484 Patch 15 of 16 DE 0.430587, W.DE 0.430587, peqDE 0.667859, Repeat (got worse)
2021-12-20 19:32:24,152 Patch 15 of 16 DE 0.561663, W.DE 6.904400, peqDE 0.533847, Repeat (got worse)
2021-12-20 19:32:39,409 Patch 15 of 16 DE 0.332618, W.DE 0.332618, peqDE 0.571758, Repeat
2021-12-20 19:32:57,037 Patch 15 of 16 DE 0.556134, W.DE 7.047078, peqDE 0.533847, Repeat (got worse)
2021-12-20 19:33:12,818 Patch 15 of 16 DE 0.301763, W.DE 0.301763, W.peqDE 0.533847, Fail ( > 0.250000)
2021-12-20 19:33:28,520 Patch 16 of 16 DE 0.012014, W.DE 12.014268, peqDE 12.014268, Repeat
2021-12-20 19:34:25,953 Patch 16 of 16 DE 0.012014, W.DE 12.014268, peqDE 12.014268, Repeat
2021-12-20 19:34:41,777 Patch 16 of 16 DE 0.010641, W.DE 10.641055, peqDE 10.641055, Repeat
2021-12-20 19:34:57,058 Patch 16 of 16 DE 0.002910, W.DE 0.002910, W.peqDE 0.002910, OK ( < 0.250000)
2021-12-20 19:34:57,060 
2021-12-20 19:34:57,063 Brightness error = 0.019758 cd/m^2 (is 3.386070, should be 3.366312)
2021-12-20 19:34:57,065 White point error = 0.292191 deltaE
2021-12-20 19:34:57,067 Maximum neutral error (@ 0.895486) = 1.290400 deltaE
2021-12-20 19:34:57,069 Average neutral error = 0.672351 deltaE
2021-12-20 19:34:57,071 Failed to meet target 1.500000 delta E, got worst case 0.301763
2021-12-20 19:34:57,073 Number of measurements taken = 108
2021-12-20 19:34:57,074 Computing update to calibration curves...
2021-12-20 19:34:57,446 The instrument can be removed from the screen.
2021-12-20 19:34:57,852 Written calibration file 'MStar Demo #2 2021-12-20 19-01 D6500 2.2 VF-S XYZLUT+MTX.cal'
2021-12-20 19:34:57,856 DisplayCAL: Reached EOF (OK)
2021-12-20 19:34:57,961 dispcal exitcode: 0
