2021-12-22 20:21:15,959 --------------------------------------------------------------------------------
2021-12-22 20:21:15,961 Working directory:
2021-12-22 20:21:15,962   /
2021-12-22 20:21:15,963    tmp/
2021-12-22 20:21:15,965     DisplayCAL-vS_hrB/
2021-12-22 20:21:15,966 
2021-12-22 20:21:15,966 Command line:
2021-12-22 20:21:15,967   /usr/bin/dispcal
2021-12-22 20:21:15,968     -v2
2021-12-22 20:21:15,969     -d2
2021-12-22 20:21:15,971     -c1
2021-12-22 20:21:15,972     -yr
2021-12-22 20:21:15,973     -P0.5,0.5,50.0
2021-12-22 20:21:15,973     -X
2021-12-22 20:21:15,974     ProjectorFamily_07Feb11.ccss
2021-12-22 20:21:15,975     -qv
2021-12-22 20:21:15,976     -m
2021-12-22 20:21:15,977     -t
2021-12-22 20:21:15,978     -g2.2
2021-12-22 20:21:15,979     -f1.0
2021-12-22 20:21:15,980     -k0
2021-12-22 20:21:15,982     -A4.0
2021-12-22 20:21:15,984     -b
2021-12-22 20:21:15,985     'MStar Demo #2 2021-12-22 20-20 2.2 VF-S XYZLUT+MTX'
2021-12-22 20:21:15,986 
2021-12-22 20:21:16,015 DisplayCAL: Starting interaction with subprocess
2021-12-22 20:21:19,593 Setting up the instrument
2021-12-22 20:21:20,727 Product Name:      Colormunki Display
2021-12-22 20:21:20,729 Serial Number:     CM-19.B-02.504495.10
2021-12-22 20:21:20,730 Firmware Version:  v2.28
2021-12-22 20:21:20,731 Firmware Date:     29Jan14
2021-12-22 20:21:20,737 dispcal: Warning - new_dispwin: Expected VideoLUT depth 8 doesn't match actual 10
2021-12-22 20:21:21,060 Place instrument on test window.
2021-12-22 20:21:21,067 DisplayCAL: Waiting for send buffer
2021-12-22 20:21:21,068 DisplayCAL: Detected instrument placement (screen/spot) message
2021-12-22 20:21:22,571 DisplayCAL: Skipping place instrument on screen message...
2021-12-22 20:21:22,579 DisplayCAL: Sending buffer: ' '
2021-12-22 20:21:22,632 Hit Esc or Q to give up, any other key to continue:
2021-12-22 20:21:22,635 Display type is 'r'
2021-12-22 20:21:22,636 Target white = native white point
2021-12-22 20:21:22,638 Target white brightness = native brightness
2021-12-22 20:21:22,639 Target black brightness = native brightness
2021-12-22 20:21:22,640 Black point device hack is enabled
2021-12-22 20:21:22,643 Target advertised gamma = 2.200000
2021-12-22 20:21:22,644 Commencing display calibration
2021-12-22 20:22:40,263 Patch 9 of 9
2021-12-22 20:22:40,265 Black = XYZ 0.0000 0.0000 0.0000
2021-12-22 20:22:40,266 Red   = XYZ  1.504  0.868  0.212
2021-12-22 20:22:40,267 Green = XYZ  1.888  3.336  0.480
2021-12-22 20:22:40,268 Blue  = XYZ  1.174  1.120  5.068
2021-12-22 20:22:40,269 White = XYZ  4.251  4.863  5.738
2021-12-22 20:28:58,150 Patch 40 of 40
2021-12-22 20:28:58,732 
2021-12-22 20:28:58,733 Initial native brightness target = 4.862795 cd/m^2
2021-12-22 20:28:58,735 Target white value is XYZ 4.250900 4.862795 5.737612 [xy 0.286231 0.327432]
2021-12-22 20:28:58,736 Adjusted target black XYZ 0.0000 0.0000 0.0000, Lab 0.000 0.000 0.000
2021-12-22 20:28:58,737 Target black after min adjust: XYZ 0.0000 0.0000 0.0000, Lab 0.000 0.000 0.000
2021-12-22 20:28:58,738 Gamma curve input offset = 0.000000, output offset = 0.000000, power = 2.200000
2021-12-22 20:28:58,739 Total Iteration 1, Final Samples = 16 Final Repeat threshold = 1.500000
2021-12-22 20:28:58,745 Creating initial calibration curves...
2021-12-22 20:28:59,172 
2021-12-22 20:28:59,173 Doing iteration 1/1 with 16 sample points and repeat threshold of 1.500000 DE
2021-12-22 20:29:02,273 Patch 1 of 16 DE 0.000000, W.DE 0.000000, W.peqDE 0.000000, OK ( < 1.500000)
2021-12-22 20:29:05,914 Patch 2 of 16 DE 29.079805, W.DE 29.079805, peqDE 29.079805, Repeat
2021-12-22 20:29:09,250 Patch 2 of 16 DE 15.733232, W.DE 15.733232, peqDE 15.733232, Repeat
2021-12-22 20:29:12,438 Patch 2 of 16 DE 6.618613, W.DE 6.618613, peqDE 6.618613, Repeat
2021-12-22 20:29:15,639 Patch 2 of 16 DE 2.368624, W.DE 2.368624, peqDE 2.368624, Repeat
2021-12-22 20:29:18,846 Patch 2 of 16 DE 1.849525, W.DE 1.849525, peqDE 1.849525, Repeat
2021-12-22 20:29:22,056 Patch 2 of 16 DE 0.273810, W.DE 0.273810, W.peqDE 0.273810, OK ( < 1.500000)
2021-12-22 20:29:25,816 Patch 3 of 16 DE 23.815046, W.DE 23.815046, peqDE 23.791751, Repeat
2021-12-22 20:29:29,358 Patch 3 of 16 DE 13.452423, W.DE 13.452423, peqDE 13.296430, Repeat
2021-12-22 20:29:32,764 Patch 3 of 16 DE 6.876346, W.DE 6.876346, peqDE 6.687585, Repeat
2021-12-22 20:29:36,111 Patch 3 of 16 DE 2.043374, W.DE 2.043374, peqDE 1.831899, Repeat
2021-12-22 20:29:39,457 Patch 3 of 16 DE 1.234438, W.DE 1.234438, W.peqDE 1.167446, OK ( < 1.500000)
2021-12-22 20:29:43,302 Patch 4 of 16 DE 18.757658, W.DE 18.757658, peqDE 18.029954, Repeat
2021-12-22 20:29:46,978 Patch 4 of 16 DE 10.188412, W.DE 10.188412, peqDE 9.269454, Repeat
2021-12-22 20:29:50,506 Patch 4 of 16 DE 3.009494, W.DE 3.009494, peqDE 2.065636, Repeat
2021-12-22 20:29:53,976 Patch 4 of 16 DE 0.611392, W.DE 0.611392, W.peqDE 0.932237, OK ( < 1.500000)
2021-12-22 20:29:57,930 Patch 5 of 16 DE 12.882894, W.DE 12.882894, peqDE 12.873942, Repeat
2021-12-22 20:30:01,686 Patch 5 of 16 DE 4.881618, W.DE 4.881618, peqDE 4.521301, Repeat
2021-12-22 20:30:05,276 Patch 5 of 16 DE 2.606139, W.DE 2.606139, peqDE 3.123626, Repeat
2021-12-22 20:30:08,983 Patch 5 of 16 DE 1.714838, W.DE 1.714838, peqDE 1.182086, Repeat
2021-12-22 20:30:12,596 Patch 5 of 16 DE 0.944536, W.DE 0.944536, W.peqDE 1.484188, OK ( < 1.500000)
2021-12-22 20:30:16,756 Patch 6 of 16 DE 9.020098, W.DE 9.020098, peqDE 9.069302, Repeat
2021-12-22 20:30:20,686 Patch 6 of 16 DE 3.053936, W.DE 3.053936, peqDE 3.565780, Repeat
2021-12-22 20:30:24,561 Patch 6 of 16 DE 1.923654, W.DE 1.923654, peqDE 2.676463, Repeat
2021-12-22 20:30:28,447 Patch 6 of 16 DE 1.079414, W.DE 1.079414, peqDE 1.691275, Repeat
2021-12-22 20:30:32,318 Patch 6 of 16 DE 0.164254, W.DE 0.164254, W.peqDE 0.991222, OK ( < 1.500000)
2021-12-22 20:30:37,762 Patch 7 of 16 DE 6.035460, W.DE 6.035460, peqDE 6.115242, Repeat
2021-12-22 20:30:43,059 Patch 7 of 16 DE 2.253389, W.DE 2.253389, peqDE 2.322150, Repeat
2021-12-22 20:30:47,261 Patch 7 of 16 DE 0.785108, W.DE 0.785108, W.peqDE 0.676966, OK ( < 1.500000)
2021-12-22 20:30:53,268 Patch 8 of 16 DE 4.914585, W.DE 4.914585, peqDE 5.150877, Repeat
2021-12-22 20:30:58,967 Patch 8 of 16 DE 1.401921, W.DE 1.401921, peqDE 1.566627, Repeat
2021-12-22 20:31:04,583 Patch 8 of 16 DE 0.530460, W.DE 0.530460, W.peqDE 1.081847, OK ( < 1.500000)
2021-12-22 20:31:11,460 Patch 9 of 16 DE 4.881239, W.DE 4.881239, peqDE 4.699551, Repeat
2021-12-22 20:31:17,854 Patch 9 of 16 DE 0.730060, W.DE 0.730060, W.peqDE 1.179363, OK ( < 1.500000)
2021-12-22 20:31:25,855 Patch 10 of 16 DE 3.851431, W.DE 3.851431, peqDE 4.291598, Repeat
2021-12-22 20:31:33,493 Patch 10 of 16 DE 1.163882, W.DE 1.163882, W.peqDE 1.373802, OK ( < 1.500000)
2021-12-22 20:31:43,430 Patch 11 of 16 DE 5.115327, W.DE 5.115327, peqDE 5.060977, Repeat
2021-12-22 20:31:53,057 Patch 11 of 16 DE 2.580665, W.DE 2.580665, peqDE 2.496587, Repeat
2021-12-22 20:32:01,907 Patch 11 of 16 DE 1.371441, W.DE 1.371441, peqDE 1.531340, Repeat
2021-12-22 20:32:36,967 Patch 11 of 16 DE 1.428884, W.DE 1.428884, W.peqDE 1.268526, OK ( < 1.500000)
2021-12-22 20:32:49,466 Patch 12 of 16 DE 4.467759, W.DE 4.467759, peqDE 4.494383, Repeat
2021-12-22 20:33:01,561 Patch 12 of 16 DE 2.509919, W.DE 2.509919, peqDE 1.899344, Repeat
2021-12-22 20:33:12,746 Patch 12 of 16 DE 1.200122, W.DE 1.200122, peqDE 2.595232, Repeat
2021-12-22 20:33:55,288 Patch 12 of 16 DE 1.193562, W.DE 1.193562, peqDE 1.540539, Repeat
2021-12-22 20:34:07,067 Patch 12 of 16 DE 1.602971, W.DE 1.602971, peqDE 1.716594, Repeat (got worse)
2021-12-22 20:34:18,542 Patch 12 of 16 DE 1.270395, W.DE 1.270395, peqDE 1.584426, Repeat (got worse)
2021-12-22 20:34:29,826 Patch 12 of 16 DE 0.386003, W.DE 0.386003, peqDE 1.653346, Repeat
2021-12-22 20:34:40,882 Patch 12 of 16 DE 0.807510, W.DE 0.807510, peqDE 1.814305, Repeat (got worse)
2021-12-22 20:34:52,344 Patch 12 of 16 DE 0.762462, W.DE 0.762462, W.peqDE 0.897118, OK ( < 1.500000)
2021-12-22 20:35:03,780 Patch 13 of 16 DE 1.482853, W.DE 1.482853, peqDE 1.798457, Repeat
2021-12-22 20:35:19,537 Patch 13 of 16 DE 1.145716, W.DE 1.145716, peqDE 1.499459, Repeat
2021-12-22 20:35:35,694 Patch 13 of 16 DE 0.764066, W.DE 0.764066, W.peqDE 0.634852, OK ( < 1.189203)
2021-12-22 20:35:49,276 Patch 14 of 16 DE 0.750956, W.DE 0.750956, peqDE 1.025085, Repeat
2021-12-22 20:36:42,715 Patch 14 of 16dispcal: inverting Jacobian failed (3) - falling back
2021-12-22 20:36:42,717  DE 0.750956, W.DE 0.750956, peqDE 1.025085, Repeat
2021-12-22 20:36:56,289 Patch 14 of 16 DE 0.750956, W.DE 0.750956, peqDE 1.025085, Repeat
2021-12-22 20:37:07,716 Patch 14 of 16 DE 0.951677, W.DE 2.329414, peqDE 2.550173, Repeat (got worse)
2021-12-22 20:37:21,289 Patch 14 of 16 DE 0.750956, W.DE 0.750956, peqDE 1.025085, Repeat
2021-12-22 20:37:33,741 Patch 14 of 16 DE 0.787952, W.DE 2.130441, peqDE 2.277159, Repeat (got worse)
2021-12-22 20:37:47,324 Patch 14 of 16 DE 0.750956, W.DE 0.750956, peqDE 1.025085, Repeat
2021-12-22 20:38:00,329 Patch 14 of 16 DE 0.792362, W.DE 2.147799, peqDE 2.288169, Repeat (got worse)
2021-12-22 20:38:13,906 Patch 14 of 16 DE 0.750956, W.DE 0.750956, peqDE 1.025085, Repeat
2021-12-22 20:38:26,913 Patch 14 of 16 DE 0.750956, W.DE 0.750956, W.peqDE 1.025085, Fail ( > 0.342747)
2021-12-22 20:38:40,490 Patch 15 of 16 DE 0.065462, W.DE 0.065462, W.peqDE 0.065462, OK ( < 0.250000)
2021-12-22 20:38:54,090 Patch 16 of 16 DE 0.000000, W.DE 0.000000, W.peqDE 0.000000, OK ( < 0.250000)
2021-12-22 20:38:54,092 
2021-12-22 20:38:54,093 Brightness error = 0.000000 cd/m^2 (is 4.856388, should be 4.856388)
2021-12-22 20:38:54,094 White point error = 0.000000 deltaE
2021-12-22 20:38:54,096 Maximum neutral error (@ 0.172427) = 1.428884 deltaE
2021-12-22 20:38:54,097 Average neutral error = 0.638111 deltaE
2021-12-22 20:38:54,098 Failed to meet target 1.500000 delta E, got worst case 0.750956
2021-12-22 20:38:54,099 Number of measurements taken = 73
2021-12-22 20:38:54,101 Computing update to calibration curves...
2021-12-22 20:38:54,203 The instrument can be removed from the screen.
2021-12-22 20:38:54,598 Written calibration file 'MStar Demo #2 2021-12-22 20-20 2.2 VF-S XYZLUT+MTX.cal'
2021-12-22 20:38:54,602 DisplayCAL: Reached EOF (OK)
2021-12-22 20:38:54,707 dispcal exitcode: 0
2021-12-22 20:38:55,069 --------------------------------------------------------------------------------
2021-12-22 20:38:55,075 Working directory:
2021-12-22 20:38:55,076   /
2021-12-22 20:38:55,077    tmp/
2021-12-22 20:38:55,079     DisplayCAL-vS_hrB/
2021-12-22 20:38:55,079 
2021-12-22 20:38:55,080 Command line:
2021-12-22 20:38:55,080   /usr/bin/dispread
2021-12-22 20:38:55,081     -v
2021-12-22 20:38:55,082     -d2
2021-12-22 20:38:55,083     -c1
2021-12-22 20:38:55,083     -yr
2021-12-22 20:38:55,084     -P0.5,0.5,50.0
2021-12-22 20:38:55,085     -X
2021-12-22 20:38:55,086     ProjectorFamily_07Feb11.ccss
2021-12-22 20:38:55,087     -k
2021-12-22 20:38:55,089     'MStar Demo #2 2021-12-22 20-20 2.2 VF-S XYZLUT+MTX.cal'
2021-12-22 20:38:55,091     'MStar Demo #2 2021-12-22 20-20 2.2 VF-S XYZLUT+MTX'
2021-12-22 20:38:55,092 
2021-12-22 20:38:55,126 DisplayCAL: Starting interaction with subprocess
2021-12-22 20:38:58,702 Number of patches = 115
2021-12-22 20:38:58,707 Setting up the instrument
2021-12-22 20:38:59,849 Product Name:      Colormunki Display
2021-12-22 20:38:59,852 Serial Number:     CM-19.B-02.504495.10
2021-12-22 20:38:59,852 Firmware Version:  v2.28
2021-12-22 20:38:59,853 Firmware Date:     29Jan14
2021-12-22 20:38:59,860 dispread: Warning - new_dispwin: Expected VideoLUT depth 8 doesn't match actual 10
2021-12-22 20:39:00,175 Place instrument on test window.
2021-12-22 20:39:00,180 DisplayCAL: Waiting for send buffer
2021-12-22 20:39:00,183 DisplayCAL: Detected instrument placement (screen/spot) message
2021-12-22 20:39:01,686 DisplayCAL: Skipping place instrument on screen message...
2021-12-22 20:39:01,693 DisplayCAL: Sending buffer: ' '
2021-12-22 20:39:01,746 Hit Esc or Q to give up, any other key to continue:
2021-12-22 20:49:16,495 Patch 115 of 115
2021-12-22 20:49:16,497 The instrument can be removed from the screen.
2021-12-22 20:49:16,899 Written 'MStar Demo #2 2021-12-22 20-20 2.2 VF-S XYZLUT+MTX.ti3'
2021-12-22 20:49:16,904 DisplayCAL: Reached EOF (OK)
2021-12-22 20:49:17,007 dispread exitcode: 0
2021-12-22 20:49:17,590 Preparing ChromaticityType tag from TI3 colorants
2021-12-22 20:49:17,617 Storing settings in TI3
2021-12-22 20:49:17,637 Removed sample ID 15 (RGB 1.9608 1.9608 1.9608) with XYZ = 0
2021-12-22 20:49:17,793 Extracting neutrals from /tmp/DisplayCAL-vS_hrB/MStar Demo #2 2021-12-22 20-20 2.2 VF-S XYZLUT+MTX.ti3
2021-12-22 20:49:17,939 Extracting neutrals from /tmp/DisplayCAL-vS_hrB/MStar Demo #2 2021-12-22 20-20 2.2 VF-S XYZLUT+MTX.ti3
2021-12-22 20:49:18,049 R=G=B (>= 1% luminance) dE*00 avg 0.798812953087 peak 2.78338804415
2021-12-22 20:49:20,080 Initial cLUT resolution 4x4x4
2021-12-22 20:49:20,092 cLUT input curve segments: 4
2021-12-22 20:49:20,297 #1 X prev 0.085255 next 0.396402 clip False
2021-12-22 20:49:20,504 #2 X prev 0.396402 next 0.964200 clip False
2021-12-22 20:49:21,097 #1 Y prev 0.088263 next 0.411804 clip False
2021-12-22 20:49:21,272 #2 Y prev 0.411804 next 1.000000 clip False
2021-12-22 20:49:21,794 #1 Z prev 0.072001 next 0.339843 clip False
2021-12-22 20:49:21,963 #2 Z prev 0.339843 next 0.824900 clip False
2021-12-22 20:49:24,462 cLUT input curve segments: 33
2021-12-22 20:49:24,482 #1 X prev 0.001037 next 0.002768 clip False
2021-12-22 20:49:24,498 #2 X prev 0.002768 next 0.005308 clip False
2021-12-22 20:49:24,516 #3 X prev 0.005308 next 0.009564 clip False
2021-12-22 20:49:24,530 #4 X prev 0.009564 next 0.015875 clip False
2021-12-22 20:49:24,549 #5 X prev 0.015875 next 0.023341 clip False
2021-12-22 20:49:24,566 #6 X prev 0.023341 next 0.031806 clip False
2021-12-22 20:49:24,579 #7 X prev 0.031806 next 0.042883 clip False
2021-12-22 20:49:24,592 #8 X prev 0.042883 next 0.056658 clip False
2021-12-22 20:49:24,608 #9 X prev 0.056658 next 0.072821 clip False
2021-12-22 20:49:24,626 #10 X prev 0.072821 next 0.091700 clip False
2021-12-22 20:49:24,638 #11 X prev 0.091700 next 0.110737 clip False
2021-12-22 20:49:24,651 #12 X prev 0.110737 next 0.131875 clip False
2021-12-22 20:49:24,663 #13 X prev 0.131875 next 0.154243 clip False
2021-12-22 20:49:24,678 #14 X prev 0.154243 next 0.178924 clip False
2021-12-22 20:49:24,695 #15 X prev 0.178924 next 0.207913 clip False
2021-12-22 20:49:24,709 #16 X prev 0.207913 next 0.239611 clip False
2021-12-22 20:49:24,722 #17 X prev 0.239611 next 0.273962 clip False
2021-12-22 20:49:24,738 #18 X prev 0.273962 next 0.307984 clip False
2021-12-22 20:49:24,750 #19 X prev 0.307984 next 0.343481 clip False
2021-12-22 20:49:24,763 #20 X prev 0.343481 next 0.382457 clip False
2021-12-22 20:49:24,780 #21 X prev 0.382457 next 0.422934 clip False
2021-12-22 20:49:24,798 #22 X prev 0.422934 next 0.461696 clip False
2021-12-22 20:49:24,815 #23 X prev 0.461696 next 0.507458 clip False
2021-12-22 20:49:24,830 #24 X prev 0.507458 next 0.553747 clip False
2021-12-22 20:49:24,842 #25 X prev 0.553747 next 0.603277 clip False
2021-12-22 20:49:24,859 #26 X prev 0.603277 next 0.657322 clip False
2021-12-22 20:49:24,874 #27 X prev 0.657322 next 0.716986 clip False
2021-12-22 20:49:24,889 #28 X prev 0.716986 next 0.776409 clip False
2021-12-22 20:49:24,904 #29 X prev 0.776409 next 0.844994 clip False
2021-12-22 20:49:24,917 #30 X prev 0.844994 next 0.923892 clip False
2021-12-22 20:49:24,933 #31 X prev 0.923892 next 0.964200 clip False
2021-12-22 20:49:25,100 #1 Y prev 0.001018 next 0.002898 clip False
2021-12-22 20:49:25,114 #2 Y prev 0.002898 next 0.005622 clip False
2021-12-22 20:49:25,126 #3 Y prev 0.005622 next 0.010049 clip False
2021-12-22 20:49:25,136 #4 Y prev 0.010049 next 0.016188 clip False
2021-12-22 20:49:25,150 #5 Y prev 0.016188 next 0.023963 clip False
2021-12-22 20:49:25,168 #6 Y prev 0.023963 next 0.033071 clip False
2021-12-22 20:49:25,182 #7 Y prev 0.033071 next 0.044718 clip False
2021-12-22 20:49:25,195 #8 Y prev 0.044718 next 0.058568 clip False
2021-12-22 20:49:25,211 #9 Y prev 0.058568 next 0.075403 clip False
2021-12-22 20:49:25,229 #10 Y prev 0.075403 next 0.095015 clip False
2021-12-22 20:49:25,244 #11 Y prev 0.095015 next 0.114910 clip False
2021-12-22 20:49:25,257 #12 Y prev 0.114910 next 0.136704 clip False
2021-12-22 20:49:25,268 #13 Y prev 0.136704 next 0.159338 clip False
2021-12-22 20:49:25,284 #14 Y prev 0.159338 next 0.182829 clip False
2021-12-22 20:49:25,300 #15 Y prev 0.182829 next 0.213947 clip False
2021-12-22 20:49:25,315 #16 Y prev 0.213947 next 0.247918 clip False
2021-12-22 20:49:25,330 #17 Y prev 0.247918 next 0.284043 clip False
2021-12-22 20:49:25,343 #18 Y prev 0.284043 next 0.318956 clip False
2021-12-22 20:49:25,357 #19 Y prev 0.318956 next 0.357102 clip False
2021-12-22 20:49:25,372 #20 Y prev 0.357102 next 0.397697 clip False
2021-12-22 20:49:25,389 #21 Y prev 0.397697 next 0.439312 clip False
2021-12-22 20:49:25,410 #22 Y prev 0.439312 next 0.480228 clip False
2021-12-22 20:49:25,427 #23 Y prev 0.480228 next 0.527861 clip False
2021-12-22 20:49:25,440 #24 Y prev 0.527861 next 0.575629 clip False
2021-12-22 20:49:25,455 #25 Y prev 0.575629 next 0.627062 clip False
2021-12-22 20:49:25,470 #26 Y prev 0.627062 next 0.682260 clip False
2021-12-22 20:49:25,482 #27 Y prev 0.682260 next 0.742947 clip False
2021-12-22 20:49:25,499 #28 Y prev 0.742947 next 0.807850 clip False
2021-12-22 20:49:25,515 #29 Y prev 0.807850 next 0.880697 clip False
2021-12-22 20:49:25,528 #30 Y prev 0.880697 next 0.957161 clip False
2021-12-22 20:49:25,545 #31 Y prev 0.957161 next 1.000000 clip False
2021-12-22 20:49:25,703 #1 Z prev 0.000984 next 0.002555 clip False
2021-12-22 20:49:25,717 #2 Z prev 0.002555 next 0.004651 clip False
2021-12-22 20:49:25,728 #3 Z prev 0.004651 next 0.008398 clip False
2021-12-22 20:49:25,739 #4 Z prev 0.008398 next 0.012503 clip False
2021-12-22 20:49:25,749 #5 Z prev 0.012503 next 0.018697 clip False
2021-12-22 20:49:25,764 #6 Z prev 0.018697 next 0.026616 clip False
2021-12-22 20:49:25,781 #7 Z prev 0.026616 next 0.036977 clip False
2021-12-22 20:49:25,792 #8 Z prev 0.036977 next 0.048606 clip False
2021-12-22 20:49:25,807 #9 Z prev 0.048606 next 0.062025 clip False
2021-12-22 20:49:25,818 #10 Z prev 0.062025 next 0.077482 clip False
2021-12-22 20:49:25,831 #11 Z prev 0.077482 next 0.093926 clip False
2021-12-22 20:49:25,848 #12 Z prev 0.093926 next 0.112632 clip False
2021-12-22 20:49:25,861 #13 Z prev 0.112632 next 0.131369 clip False
2021-12-22 20:49:25,872 #14 Z prev 0.131369 next 0.155320 clip False
2021-12-22 20:49:25,884 #15 Z prev 0.155320 next 0.180927 clip False
2021-12-22 20:49:25,899 #16 Z prev 0.180927 next 0.203712 clip False
2021-12-22 20:49:25,913 #17 Z prev 0.203712 next 0.235151 clip False
2021-12-22 20:49:25,929 #18 Z prev 0.235151 next 0.268061 clip False
2021-12-22 20:49:25,942 #19 Z prev 0.268061 next 0.299278 clip False
2021-12-22 20:49:25,953 #20 Z prev 0.299278 next 0.329449 clip False
2021-12-22 20:49:25,965 #21 Z prev 0.329449 next 0.360048 clip False
2021-12-22 20:49:25,983 #22 Z prev 0.360048 next 0.390882 clip False
2021-12-22 20:49:25,996 #23 Z prev 0.390882 next 0.430529 clip False
2021-12-22 20:49:26,012 #24 Z prev 0.430529 next 0.471060 clip False
2021-12-22 20:49:26,028 #25 Z prev 0.471060 next 0.510821 clip False
2021-12-22 20:49:26,041 #26 Z prev 0.510821 next 0.560207 clip False
2021-12-22 20:49:26,057 #27 Z prev 0.560207 next 0.614478 clip False
2021-12-22 20:49:26,074 #28 Z prev 0.614478 next 0.671828 clip False
2021-12-22 20:49:26,089 #29 Z prev 0.671828 next 0.739740 clip False
2021-12-22 20:49:26,103 #30 Z prev 0.739740 next 0.810283 clip False
2021-12-22 20:49:26,115 #31 Z prev 0.810283 next 0.824900 clip False
2021-12-22 20:49:26,514 Final interpolated cLUT resolution 33x33x33
2021-12-22 20:49:26,533 --------------------------------------------------------------------------------
2021-12-22 20:49:26,534 Creating matrix from primaries
2021-12-22 20:49:26,534 Using chromatic adaptation transform matrix: Bradford
2021-12-22 20:49:26,781 Generating A2B1 by copying A2B0
2021-12-22 20:49:26,880 Making distinct A2B0
2021-12-22 20:49:27,043 Applying black point compensation to A2B0: L*a*b* 0.000000 0.000000 0.000000
2021-12-22 20:49:27,591 --------------------------------------------------------------------------------
2021-12-22 20:49:27,592 Generating B2A1 table by inverting A2B1 table
2021-12-22 20:49:27,593 
2021-12-22 20:49:27,594 Using chromatic adaptation transform matrix: Bradford
2021-12-22 20:49:27,697 Black XYZ: 0.0000 0.0000 0.0000
2021-12-22 20:49:27,698 White XYZ: 0.9642 1.0000 0.8249
2021-12-22 20:49:27,699 R XYZ: 0.3564 0.1960 0.0292
2021-12-22 20:49:27,700 G XYZ: 0.4720 0.6828 0.0739
2021-12-22 20:49:27,701 B XYZ: 0.2101 0.2132 0.7320
2021-12-22 20:49:27,702 Generating input curve PCS values...
2021-12-22 20:49:27,982 Looking up input curve RGB values...
2021-12-22 20:49:27,988 Setting up matrix
2021-12-22 20:49:27,989 Increasing saturation of actual primaries for PCS candidate to 115%...
2021-12-22 20:49:27,991 R xy 0.612749 0.336988 -> 0.652806 0.333756
2021-12-22 20:49:27,992 G xy 0.384143 0.555699 -> 0.389909 0.585273
2021-12-22 20:49:27,993 B xy 0.181847 0.184541 -> 0.157268 0.158442
2021-12-22 20:49:27,994 Checking for suitable PCS candidate...
2021-12-22 20:49:27,996 Skipping PCS candidate based on actual primaries because it does not encompass Rec. 709 blue
2021-12-22 20:49:27,999 Rec709-encompassing, variant 1 fit: 1.02 (area: 46.96%)
2021-12-22 20:49:28,001 Using primaries: Rec709-encompassing, variant 1
2021-12-22 20:49:28,003 Using R XYZ: 0.4858 0.2242 0.0015
2021-12-22 20:49:28,004 Using G XYZ: 0.3599 0.7326 0.0681
2021-12-22 20:49:28,005 Using B XYZ: 0.1185 0.0432 0.7553
2021-12-22 20:49:28,006 R+G+B XYZ: 0.9642 1.0000 0.8249
2021-12-22 20:49:28,008 Correction factors: 1.0000 1.0000 1.0000
2021-12-22 20:49:28,009 Matrix 1:
2021-12-22 20:49:28,010 [2.6443266000333088, -1.2671854900907105, -0.34243449831665096]
2021-12-22 20:49:28,012 [-0.8132078188032739, 1.7620115550086903, 0.02677103149645555]
2021-12-22 20:49:28,013 [0.06804998251154655, -0.15628104056263473, 1.3221811703539847]
2021-12-22 20:49:28,014 Matrix 2:
2021-12-22 20:49:28,015 [2.6442975337435684, -1.267171561258845, -0.3424307342958431]
2021-12-22 20:49:28,016 [-0.8132099380290951, 1.7620161468243356, 0.026771101261969233]
2021-12-22 20:49:28,017 [0.06805085633370112, -0.15628304734985995, 1.3221981483333514]
2021-12-22 20:49:28,018 Matrix 3:
2021-12-22 20:49:28,020 [1.999969482421875, 0, 0]
2021-12-22 20:49:28,021 [0, 1.999969482421875, 0]
2021-12-22 20:49:28,022 [0, 0, 1.999969482421875]
2021-12-22 20:49:28,023 Final matrix:
2021-12-22 20:49:28,024 [5.288514369930565, -2.5343044515105717, -0.6848510184349998]
2021-12-22 20:49:28,025 [-1.6263950588603744, 3.523978521183253, 0.05354138553476421]
2021-12-22 20:49:28,027 [0.1360996359200776, -0.3125613253196128, 2.644355946381414]
2021-12-22 20:49:28,029 Applying matrix to input curve XYZ values...
2021-12-22 20:49:28,072 Generating input curves...
2021-12-22 20:49:39,639 100%
2021-12-22 20:49:39,641 Generating A2B1 table lookup input values...
2021-12-22 20:49:39,641 cLUT grid res: 45
2021-12-22 20:49:39,642 Looking up input values through A2B1 table (6 workers)...
2021-12-22 20:49:39,643 Using CAM Jab for clipping
2021-12-22 21:00:13,158 100%
2021-12-22 21:00:13,159 Input black XYZ: 0.000000 0.000000 0.000000
2021-12-22 21:00:13,160 Input white XYZ: 0.964203 1.000000 0.824890
2021-12-22 21:00:13,465 Output black RGB: 0.0000 0.0000 0.0000
2021-12-22 21:00:13,466 Output white RGB: 100.0000 100.0000 100.0000
2021-12-22 21:00:13,709 Filling cLUT...
2021-12-22 21:00:14,562 100%
2021-12-22 21:00:15,733 Generating output curves...
2021-12-22 21:00:16,568 Setting curve entry #0 (0.000000 0.000000 0.000000) to black because it got clipped
2021-12-22 21:00:16,575 Setting curve entry #4095 (1.000000 1.000000 1.000000) to white because it got clipped
2021-12-22 21:00:16,712 Smoothing B2A1...
2021-12-22 21:00:37,003 --------------------------------------------------------------------------------
2021-12-22 21:00:37,004 Creating shaper tags in separate step
2021-12-22 21:00:37,005 Using chromatic adaptation transform matrix: Bradford
2021-12-22 21:00:37,068 Extracting neutrals from /tmp/DisplayCAL-vS_hrB/MStar Demo #2 2021-12-22 20-20 2.2 VF-S XYZLUT+MTX.ti3
2021-12-22 21:00:37,122 NUMBER_OF_FIELDS 7
2021-12-22 21:00:37,123 BEGIN_DATA_FORMAT
2021-12-22 21:00:37,123 SAMPLE_ID RGB_R RGB_G RGB_B XYZ_X XYZ_Y XYZ_Z
2021-12-22 21:00:37,123 END_DATA_FORMAT
2021-12-22 21:00:37,123 
2021-12-22 21:00:37,123 NUMBER_OF_SETS 51
2021-12-22 21:00:37,123 BEGIN_DATA
2021-12-22 21:00:37,124 1 0.000000 0.000000 0.000000 0.000000 0.000000 0.000000
2021-12-22 21:00:37,124 2 3.921600 3.921600 3.921600 0.151400 0.162160 0.222630
2021-12-22 21:00:37,124 3 5.882400 5.882400 5.882400 0.224820 0.259183 0.323480
2021-12-22 21:00:37,124 4 7.843100 7.843100 7.843100 0.346734 0.406692 0.504510
2021-12-22 21:00:37,124 5 9.803900 9.803900 9.803900 0.516709 0.603170 0.687752
2021-12-22 21:00:37,124 6 11.76500 11.76500 11.76500 0.768979 0.903720 1.100283
2021-12-22 21:00:37,125 7 13.72600 13.72600 13.72600 1.047184 1.195121 1.405642
2021-12-22 21:00:37,125 8 15.68600 15.68600 15.68600 1.455572 1.632775 1.766663
2021-12-22 21:00:37,125 9 17.64700 17.64700 17.64700 1.873052 2.123337 2.351309
2021-12-22 21:00:37,125 10 19.60800 19.60800 19.60800 2.295515 2.609909 2.933318
2021-12-22 21:00:37,125 11 21.56900 21.56900 21.56900 2.778169 3.194063 3.639072
2021-12-22 21:00:37,125 12 23.52900 23.52900 23.52900 3.380631 3.898548 4.605428
2021-12-22 21:00:37,126 13 25.49000 25.49000 25.49000 4.060728 4.678429 5.516765
2021-12-22 21:00:37,126 14 27.45100 27.45100 27.45100 4.854414 5.510691 6.533934
2021-12-22 21:00:37,126 15 29.41200 29.41200 29.41200 5.705860 6.529775 7.750536
2021-12-22 21:00:37,126 16 31.37300 31.37300 31.37300 6.651104 7.595555 8.924153
2021-12-22 21:00:37,126 17 33.33300 33.33300 33.33300 7.728688 8.830495 10.26089
2021-12-22 21:00:37,126 18 35.29400 35.29400 35.29400 8.842999 10.12759 11.82083
2021-12-22 21:00:37,126 19 37.25500 37.25500 37.25500 9.870271 11.32103 13.20945
2021-12-22 21:00:37,127 20 39.21600 39.21600 39.21600 11.05373 12.63871 14.78392
2021-12-22 21:00:37,127 21 41.17600 41.17600 41.17600 12.32408 14.10220 16.66590
2021-12-22 21:00:37,127 22 43.13700 43.13700 43.13700 13.55290 15.49145 18.19375
2021-12-22 21:00:37,127 23 45.09800 45.09800 45.09800 14.91767 16.92237 20.00935
2021-12-22 21:00:37,127 24 47.05900 47.05900 47.05900 16.38934 18.35396 22.47122
2021-12-22 21:00:37,127 25 49.02000 49.02000 49.02000 17.97354 20.30018 24.77387
2021-12-22 21:00:37,128 26 50.98000 50.98000 50.98000 19.81239 22.52236 26.95806
2021-12-22 21:00:37,128 27 52.94100 52.94100 52.94100 21.47193 24.51071 28.62201
2021-12-22 21:00:37,128 28 54.90200 54.90200 54.90200 23.53672 26.95599 31.75328
2021-12-22 21:00:37,128 29 56.86300 56.86300 56.86300 25.43609 29.07899 34.40996
2021-12-22 21:00:37,128 30 58.82400 58.82400 58.82400 27.43865 31.30026 37.48941
2021-12-22 21:00:37,128 31 60.78400 60.78400 60.78400 29.35618 33.51267 40.48218
2021-12-22 21:00:37,128 32 62.74500 62.74500 62.74500 31.45382 36.09476 43.07606
2021-12-22 21:00:37,129 33 64.70600 64.70600 64.70600 33.54065 38.54149 45.81444
2021-12-22 21:00:37,129 34 66.66700 66.66700 66.66700 35.97424 41.21076 48.49815
2021-12-22 21:00:37,129 35 68.62700 68.62700 68.62700 38.25960 43.85647 51.50709
2021-12-22 21:00:37,129 36 70.58800 70.58800 70.58800 40.22596 46.19966 53.51068
2021-12-22 21:00:37,129 37 72.54900 72.54900 72.54900 42.60424 48.96411 57.03569
2021-12-22 21:00:37,129 38 74.51000 74.51000 74.51000 45.27452 51.97895 60.63434
2021-12-22 21:00:37,130 39 76.47100 76.47100 76.47100 47.99929 55.19131 64.16626
2021-12-22 21:00:37,130 40 78.43100 78.43100 78.43100 50.48164 57.90930 67.87303
2021-12-22 21:00:37,130 41 80.39200 80.39200 80.39200 53.54516 61.39432 71.66521
2021-12-22 21:00:37,130 42 82.35300 82.35300 82.35300 56.05106 64.43355 74.63667
2021-12-22 21:00:37,130 43 84.31400 84.31400 84.31400 59.48552 68.19931 80.32697
2021-12-22 21:00:37,130 44 86.27500 86.27500 86.27500 62.76549 71.63718 83.92113
2021-12-22 21:00:37,130 45 88.23500 88.23500 88.23500 66.35579 75.86958 90.03848
2021-12-22 21:00:37,131 46 90.19600 90.19600 90.19600 69.64277 80.00466 95.13301
2021-12-22 21:00:37,131 47 92.15700 92.15700 92.15700 73.13201 83.90001 99.39138
2021-12-22 21:00:37,131 48 94.11800 94.11800 94.11800 77.31510 88.96563 106.5687
2021-12-22 21:00:37,131 49 96.07800 96.07800 96.07800 81.98660 93.86654 114.0422
2021-12-22 21:00:37,131 50 98.03900 98.03900 98.03900 85.94866 97.94238 117.4513
2021-12-22 21:00:37,131 51 100.0000 100.0000 100.0000 87.38053 100.0000 117.8272
2021-12-22 21:00:37,132 END_DATA
2021-12-22 21:00:37,134 --------------------------------------------------------------------------------
2021-12-22 21:00:38,685 Black relative luminance = 0.000000
2021-12-22 21:00:38,685 Black output offset = 1.00
2021-12-22 21:00:38,686 Calibration gamma = 2.20 relative
2021-12-22 21:00:38,687 Calibration overall transfer function ≈ Gamma 2.20 100% (Δ 0.00%)
2021-12-22 21:00:38,779 Transfer function R ≈ Gamma 2.21 100% (Δ 4.14%)
2021-12-22 21:00:38,871 Transfer function G ≈ Gamma 2.21 100% (Δ 4.14%)
2021-12-22 21:00:38,963 Transfer function B ≈ Gamma 2.21 100% (Δ 4.14%)
2021-12-22 21:00:38,966 Adding rTRC from interpolation to MStar Demo #2 2021-12-22 20-20 2.2 VF-S XYZLUT+MTX
2021-12-22 21:00:38,967 Adding gTRC from interpolation to MStar Demo #2 2021-12-22 20-20 2.2 VF-S XYZLUT+MTX
2021-12-22 21:00:38,969 Adding bTRC from interpolation to MStar Demo #2 2021-12-22 20-20 2.2 VF-S XYZLUT+MTX
2021-12-22 21:00:40,860 --------------------------------------------------------------------------------
2021-12-22 21:00:40,862 Working directory:
2021-12-22 21:00:40,863   /
2021-12-22 21:00:40,864    tmp/
2021-12-22 21:00:40,864     DisplayCAL-vS_hrB/
2021-12-22 21:00:40,865 
2021-12-22 21:00:40,866 Command line:
2021-12-22 21:00:40,867   /usr/bin/profcheck
2021-12-22 21:00:40,868     'MStar Demo #2 2021-12-22 20-20 2.2 VF-S XYZLUT+MTX.ti3'
2021-12-22 21:00:40,869     'MStar Demo #2 2021-12-22 20-20 2.2 VF-S XYZLUT+MTX.icc'
2021-12-22 21:00:40,869 
2021-12-22 21:00:40,903 Profile check complete, errors: max. = 2.269950, avg. = 0.357716, RMS = 0.516390
2021-12-22 21:00:40,904 profcheck exitcode: 0
2021-12-22 21:00:40,907 --------------------------------------------------------------------------------
2021-12-22 21:00:40,908 Generating gamut views...
2021-12-22 21:00:41,662 --------------------------------------------------------------------------------
2021-12-22 21:00:41,664 Working directory:
2021-12-22 21:00:41,665   /
2021-12-22 21:00:41,665    tmp/
2021-12-22 21:00:41,666     DisplayCAL-vS_hrB/
2021-12-22 21:00:41,667 
2021-12-22 21:00:41,668 Command line:
2021-12-22 21:00:41,669   /usr/bin/iccgamut
2021-12-22 21:00:41,670     -v
2021-12-22 21:00:41,671     -w
2021-12-22 21:00:41,671     -ir
2021-12-22 21:00:41,672     -ff
2021-12-22 21:00:41,673     -on
2021-12-22 21:00:41,674     -d10.00
2021-12-22 21:00:41,675     'MStar Demo #2 2021-12-22 20-20 2.2 VF-S XYZLUT+MTX.icc'
2021-12-22 21:00:41,675 
2021-12-22 21:00:42,963 Header:
2021-12-22 21:00:42,963   size         = 803928 bytes
2021-12-22 21:00:42,963   CMM          = 'argl'
2021-12-22 21:00:42,963   Version      = 2.2.0
2021-12-22 21:00:42,963   Device Class = Display
2021-12-22 21:00:42,964   Color Space  = RGB
2021-12-22 21:00:42,964   Conn. Space  = XYZ
2021-12-22 21:00:42,964   Date, Time   = 22 Dec 2021, 20:49:18
2021-12-22 21:00:42,964   Platform     = *nix
2021-12-22 21:00:42,964   Flags        = Not Embedded Profile, Use anywhere
2021-12-22 21:00:42,964   Dev. Mnfctr. = 0x0
2021-12-22 21:00:42,965   Dev. Model   = 0x0
2021-12-22 21:00:42,965   Dev. Attrbts = Reflective, Glossy, Positive, Color
2021-12-22 21:00:42,965   Rndrng Intnt = Perceptual
2021-12-22 21:00:42,965   Illuminant   = 0.96420288, 1.00000000, 0.82490540    [Lab 100.000000, 0.000000, 0.000000]
2021-12-22 21:00:42,965   Creator      = 'DCAL'
2021-12-22 21:00:42,965 
2021-12-22 21:00:42,965 Total volume of gamut is 474049.381488 cubic colorspace units
2021-12-22 21:00:42,966 iccgamut exitcode: 0
2021-12-22 21:00:46,871 --------------------------------------------------------------------------------
2021-12-22 21:00:46,872 Command line:
2021-12-22 21:00:46,872   /usr/bin/viewgam
2021-12-22 21:00:46,873     -cw
2021-12-22 21:00:46,874     -t0
2021-12-22 21:00:46,875     -w
2021-12-22 21:00:46,875     /usr/share/DisplayCAL/ref/sRGB.gam
2021-12-22 21:00:46,876     -cn
2021-12-22 21:00:46,876     -t.3
2021-12-22 21:00:46,877     -s
2021-12-22 21:00:46,878     'MStar Demo #2 2021-12-22 20-20 2.2 VF-S XYZLUT+MTX.gam'
2021-12-22 21:00:46,878     -i
2021-12-22 21:00:46,879     'MStar Demo #2 2021-12-22 20-20 2.2 VF-S XYZLUT+MTX vs sRGB.wrl'
2021-12-22 21:00:46,880 
2021-12-22 21:00:46,881 Intersecting volume = 467974.2 cubic units
2021-12-22 21:00:46,881 '/usr/share/DisplayCAL/ref/sRGB.gam' volume = 833675.1 cubic units, intersect = 56.13%
2021-12-22 21:00:46,881 'MStar Demo #2 2021-12-22 20-20 2.2 VF-S XYZLUT+MTX.gam' volume = 474049.4 cubic units, intersect = 98.72%
2021-12-22 21:00:46,882 --------------------------------------------------------------------------------
2021-12-22 21:00:46,883 Command line:
2021-12-22 21:00:46,884   /usr/bin/viewgam
2021-12-22 21:00:46,884     -cw
2021-12-22 21:00:46,885     -t0
2021-12-22 21:00:46,886     -w
2021-12-22 21:00:46,886     /usr/share/DisplayCAL/ref/ClayRGB1998.gam
2021-12-22 21:00:46,887     -cn
2021-12-22 21:00:46,887     -t.3
2021-12-22 21:00:46,888     -s
2021-12-22 21:00:46,889     'MStar Demo #2 2021-12-22 20-20 2.2 VF-S XYZLUT+MTX.gam'
2021-12-22 21:00:46,889     -i
2021-12-22 21:00:46,890     'MStar Demo #2 2021-12-22 20-20 2.2 VF-S XYZLUT+MTX vs ClayRGB1998.wrl'
2021-12-22 21:00:46,890 
2021-12-22 21:00:46,892 Intersecting volume = 474049.1 cubic units
2021-12-22 21:00:46,892 '/usr/share/DisplayCAL/ref/ClayRGB1998.gam' volume = 1209985.9 cubic units, intersect = 39.18%
2021-12-22 21:00:46,892 'MStar Demo #2 2021-12-22 20-20 2.2 VF-S XYZLUT+MTX.gam' volume = 474049.4 cubic units, intersect = 100.00%
2021-12-22 21:00:46,893 --------------------------------------------------------------------------------
2021-12-22 21:00:46,893 Command line:
2021-12-22 21:00:46,894   /usr/bin/viewgam
2021-12-22 21:00:46,895     -cw
2021-12-22 21:00:46,896     -t0
2021-12-22 21:00:46,896     -w
2021-12-22 21:00:46,897     /usr/share/DisplayCAL/ref/SMPTE431_P3.gam
2021-12-22 21:00:46,898     -cn
2021-12-22 21:00:46,899     -t.3
2021-12-22 21:00:46,899     -s
2021-12-22 21:00:46,900     'MStar Demo #2 2021-12-22 20-20 2.2 VF-S XYZLUT+MTX.gam'
2021-12-22 21:00:46,901     -i
2021-12-22 21:00:46,901     'MStar Demo #2 2021-12-22 20-20 2.2 VF-S XYZLUT+MTX vs SMPTE431_P3.wrl'
2021-12-22 21:00:46,902 
2021-12-22 21:00:46,903 Intersecting volume = 473632.2 cubic units
2021-12-22 21:00:46,903 '/usr/share/DisplayCAL/ref/SMPTE431_P3.gam' volume = 1176953.5 cubic units, intersect = 40.24%
2021-12-22 21:00:46,903 'MStar Demo #2 2021-12-22 20-20 2.2 VF-S XYZLUT+MTX.gam' volume = 474049.4 cubic units, intersect = 99.91%
2021-12-22 21:00:47,264 --------------------------------------------------------------------------------
