2021-12-22 19:12:18,993 --------------------------------------------------------------------------------
2021-12-22 19:12:18,995 Working directory:
2021-12-22 19:12:18,997   /
2021-12-22 19:12:18,998    tmp/
2021-12-22 19:12:18,999     DisplayCAL-mIo9Ql/
2021-12-22 19:12:19,000 
2021-12-22 19:12:19,001 Command line:
2021-12-22 19:12:19,002   /usr/bin/dispcal
2021-12-22 19:12:19,003     -v2
2021-12-22 19:12:19,004     -d2
2021-12-22 19:12:19,005     -c1
2021-12-22 19:12:19,006     -yr
2021-12-22 19:12:19,007     -P0.5,0.5,50.0
2021-12-22 19:12:19,008     -X
2021-12-22 19:12:19,009     ProjectorFamily_07Feb11.ccss
2021-12-22 19:12:19,010     -qv
2021-12-22 19:12:19,011     -m
2021-12-22 19:12:19,012     -w0.3127,0.329
2021-12-22 19:12:19,013     -gs
2021-12-22 19:12:19,014     -f1.0
2021-12-22 19:12:19,015     -k0
2021-12-22 19:12:19,016     -A4.0
2021-12-22 19:12:19,017     -b
2021-12-22 19:12:19,019     'MStar Demo #2 2021-12-22 19-11 0.3127x 0.329y sRGB VF-S XYZLUT+MTX'
2021-12-22 19:12:19,020 
2021-12-22 19:12:19,046 DisplayCAL: Starting interaction with subprocess
2021-12-22 19:12:22,614 Setting up the instrument
2021-12-22 19:12:23,754 Product Name:      Colormunki Display
2021-12-22 19:12:23,755 Serial Number:     CM-19.B-02.504495.10
2021-12-22 19:12:23,757 Firmware Version:  v2.28
2021-12-22 19:12:23,757 Firmware Date:     29Jan14
2021-12-22 19:12:23,762 dispcal: Warning - new_dispwin: Expected VideoLUT depth 8 doesn't match actual 10
2021-12-22 19:12:24,081 Place instrument on test window.
2021-12-22 19:12:24,085 DisplayCAL: Waiting for send buffer
2021-12-22 19:12:24,088 DisplayCAL: Detected instrument placement (screen/spot) message
2021-12-22 19:12:25,591 DisplayCAL: Skipping place instrument on screen message...
2021-12-22 19:12:25,642 DisplayCAL: Sending buffer: ' '
2021-12-22 19:12:25,694 Hit Esc or Q to give up, any other key to continue:
2021-12-22 19:12:25,695 Display type is 'r'
2021-12-22 19:12:25,696 Target white = xy 0.312700 0.329000
2021-12-22 19:12:25,699 Target white brightness = native brightness
2021-12-22 19:12:25,701 Target black brightness = native brightness
2021-12-22 19:12:25,702 Black point device hack is enabled
2021-12-22 19:12:25,703 Target gamma = sRGB curve
2021-12-22 19:12:25,704 Commencing display calibration
2021-12-22 19:13:43,485 Patch 9 of 9
2021-12-22 19:13:43,486 Black = XYZ 0.0000 0.0000 0.0000
2021-12-22 19:13:43,488 Red   = XYZ  1.523  0.879  0.212
2021-12-22 19:13:43,489 Green = XYZ  1.901  3.365  0.478
2021-12-22 19:13:43,490 Blue  = XYZ  1.192  1.141  5.128
2021-12-22 19:13:43,491 White = XYZ  4.305  4.928  5.757
2021-12-22 19:20:00,199 Patch 40 of 40
2021-12-22 19:20:00,588 
2021-12-22 19:20:00,590 Initial native brightness target = 4.927524 cd/m^2
2021-12-22 19:20:00,591 Had to scale brightness from 4.927524 to 3.426373 to fit within gamut,
2021-12-22 19:20:00,592 corresponding to aprox. RGB 1.000000 0.723658 0.621842
2021-12-22 19:20:00,593 Target white value is XYZ 3.256617 3.426373 3.731519 [xy 0.312700 0.329000]
2021-12-22 19:20:00,598 Adjusted target black XYZ 0.0000 0.0000 0.0000, Lab 0.000 0.000 0.000
2021-12-22 19:20:00,599 Target black after min adjust: XYZ 0.0000 0.0000 0.0000, Lab 0.000 0.000 0.000
2021-12-22 19:20:00,600 Gamma curve input offset = 0.000000, output offset = 0.000000, power = 0.000000
2021-12-22 19:20:00,601 Total Iteration 1, Final Samples = 16 Final Repeat threshold = 1.500000
2021-12-22 19:20:00,602 Creating initial calibration curves...
2021-12-22 19:20:00,994 
2021-12-22 19:20:00,995 Doing iteration 1/1 with 16 sample points and repeat threshold of 1.500000 DE
2021-12-22 19:20:04,730 Patch 1 of 16 DE 30.994225, W.DE 30.994225, peqDE 30.994225, Repeat
2021-12-22 19:20:08,176 Patch 1 of 16 DE 13.423912, W.DE 13.423912, peqDE 13.423912, Repeat
2021-12-22 19:20:11,476 Patch 1 of 16 DE 2.783320, W.DE 2.783320, peqDE 2.783320, Repeat
2021-12-22 19:20:24,678 Patch 1 of 16 DE 2.783320, W.DE 2.783320, peqDE 2.783320, Repeat
2021-12-22 19:20:27,953 Patch 1 of 16 DE 0.670594, W.DE 0.670594, W.peqDE 0.670594, OK ( < 1.500000)
2021-12-22 19:20:31,796 Patch 2 of 16 DE 22.530279, W.DE 22.530279, peqDE 22.376293, Repeat
2021-12-22 19:20:46,177 Patch 2 of 16 DE 19.037778, W.DE 19.037778, peqDE 18.538838, Repeat
2021-12-22 19:20:49,556 Patch 2 of 16 DE 2.884036, W.DE 2.884036, peqDE 3.502877, Repeat
2021-12-22 19:20:52,962 Patch 2 of 16 DE 0.413496, W.DE 0.413496, W.peqDE 0.564661, OK ( < 1.500000)
2021-12-22 19:20:56,904 Patch 3 of 16 DE 19.886081, W.DE 19.886081, peqDE 19.804207, Repeat
2021-12-22 19:21:00,588 Patch 3 of 16 DE 5.847311, W.DE 5.847311, peqDE 5.696289, Repeat
2021-12-22 19:21:04,101 Patch 3 of 16 DE 1.601637, W.DE 1.601637, peqDE 1.806945, Repeat
2021-12-22 19:21:07,673 Patch 3 of 16 DE 0.820626, W.DE 0.820626, W.peqDE 0.822311, OK ( < 1.500000)
2021-12-22 19:21:11,738 Patch 4 of 16 DE 16.150423, W.DE 16.150423, peqDE 16.594853, Repeat
2021-12-22 19:21:15,624 Patch 4 of 16 DE 8.740454, W.DE 8.740454, peqDE 9.055306, Repeat
2021-12-22 19:21:19,373 Patch 4 of 16 DE 2.297993, W.DE 2.297993, peqDE 2.111382, Repeat
2021-12-22 19:21:23,108 Patch 4 of 16 DE 0.940747, W.DE 0.940747, W.peqDE 1.394999, OK ( < 1.500000)
2021-12-22 19:21:28,452 Patch 5 of 16 DE 12.397121, W.DE 12.397121, peqDE 12.096900, Repeat
2021-12-22 19:21:32,472 Patch 5 of 16 DE 3.916671, W.DE 3.916671, peqDE 4.509418, Repeat
2021-12-22 19:21:36,464 Patch 5 of 16 DE 2.691037, W.DE 2.691037, peqDE 1.788125, Repeat
2021-12-22 19:21:40,409 Patch 5 of 16 DE 1.790634, W.DE 1.790634, peqDE 2.583273, Repeat
2021-12-22 19:21:44,362 Patch 5 of 16 DE 0.487063, W.DE 0.487063, W.peqDE 1.293180, OK ( < 1.500000)
2021-12-22 19:21:49,922 Patch 6 of 16 DE 9.144389, W.DE 9.144389, peqDE 9.161854, Repeat
2021-12-22 19:21:55,225 Patch 6 of 16 DE 1.999564, W.DE 1.999564, peqDE 1.813778, Repeat
2021-12-22 19:22:00,487 Patch 6 of 16 DE 0.604052, W.DE 0.604052, W.peqDE 0.628735, OK ( < 1.500000)
2021-12-22 19:22:06,628 Patch 7 of 16 DE 6.674428, W.DE 6.674428, peqDE 6.503938, Repeat
2021-12-22 19:22:12,399 Patch 7 of 16 DE 1.699824, W.DE 1.699824, peqDE 1.520895, Repeat
2021-12-22 19:22:18,079 Patch 7 of 16 DE 0.477325, W.DE 0.477325, W.peqDE 0.574622, OK ( < 1.500000)
2021-12-22 19:22:24,909 Patch 8 of 16 DE 5.746273, W.DE 5.746273, peqDE 5.630865, Repeat
2021-12-22 19:22:31,148 Patch 8 of 16 DE 1.491719, W.DE 1.491719, peqDE 1.792225, Repeat
2021-12-22 19:22:55,884 Patch 8 of 16 DE 1.246230, W.DE 1.246230, W.peqDE 0.914775, OK ( < 1.500000)
2021-12-22 19:23:03,685 Patch 9 of 16 DE 5.647111, W.DE 5.647111, peqDE 5.120841, Repeat
2021-12-22 19:23:10,705 Patch 9 of 16 DE 2.158578, W.DE 2.158578, peqDE 3.269302, Repeat
2021-12-22 19:23:17,832 Patch 9 of 16 DE 0.840389, W.DE 0.840389, W.peqDE 1.058392, OK ( < 1.500000)
2021-12-22 19:23:27,643 Patch 10 of 16 DE 5.782005, W.DE 5.782005, peqDE 5.551072, Repeat
2021-12-22 19:23:35,926 Patch 10 of 16 DE 1.388689, W.DE 1.388689, peqDE 2.006859, Repeat
2021-12-22 19:23:44,281 Patch 10 of 16 DE 0.634042, W.DE 0.634042, W.peqDE 0.370634, OK ( < 1.500000)
2021-12-22 19:23:55,640 Patch 11 of 16 DE 5.239436, W.DE 5.239436, peqDE 5.161473, Repeat
2021-12-22 19:24:05,959 Patch 11 of 16 DE 1.185952, W.DE 1.185952, W.peqDE 0.843161, OK ( < 1.500000)
2021-12-22 19:24:20,275 Patch 12 of 16 DE 5.130272, W.DE 5.130272, peqDE 5.444919, Repeat
2021-12-22 19:24:32,006 Patch 12 of 16 DE 2.402987, W.DE 2.402987, peqDE 1.636272, Repeat
2021-12-22 19:25:15,025 Patch 12 of 16 DE 2.026757, W.DE 2.026757, peqDE 2.951337, Repeat
2021-12-22 19:25:26,682 Patch 12 of 16 DE 0.422062, W.DE 0.422062, W.peqDE 0.674921, OK ( < 1.500000)
2021-12-22 19:25:44,655 Patch 13 of 16 DE 3.356622, W.DE 3.356622, peqDE 3.475926, Repeat
2021-12-22 19:25:59,927 Patch 13 of 16 DE 1.515170, W.DE 1.515170, peqDE 1.772266, Repeat
2021-12-22 19:26:13,920 Patch 13 of 16 DE 0.927149, W.DE 0.927149, W.peqDE 0.637538, OK ( < 1.500000)
2021-12-22 19:26:27,496 Patch 14 of 16 DE 2.782168, W.DE 2.782168, peqDE 2.921358, Repeat
2021-12-22 19:26:46,402 Patch 14 of 16 DE 0.541342, W.DE 0.541342, peqDE 1.366717, Repeat
2021-12-22 19:27:05,716 Patch 14 of 16 DE 0.219797, W.DE 0.219797, peqDE 1.011555, Repeat
2021-12-22 19:28:09,996 Patch 14 of 16 DE 0.219797, W.DE 0.219797, peqDE 1.011555, Repeat
2021-12-22 19:28:28,732 Patch 14 of 16 DE 0.469687, W.DE 0.470155, peqDE 1.335821, Repeat
2021-12-22 19:28:47,770 Patch 14 of 16 DE 0.202026, W.DE 0.202026, peqDE 0.979636, Repeat
2021-12-22 19:29:06,446 Patch 14 of 16 DE 0.263832, W.DE 0.263832, peqDE 1.130589, Repeat
2021-12-22 19:29:23,765 Patch 14 of 16 DE 0.441513, W.DE 0.441517, W.peqDE 0.853214, OK ( < 0.932106)
2021-12-22 19:29:37,344 Patch 15 of 16 DE 0.917956, W.DE 0.917956, peqDE 1.018614, Repeat
2021-12-22 19:30:31,225 Patch 15 of 16dispcal: inverting Jacobian failed (3) - falling back
2021-12-22 19:30:31,227  DE 0.917956, W.DE 0.917956, peqDE 1.018614, Repeat
2021-12-22 19:30:44,793 Patch 15 of 16 DE 0.917956, W.DE 0.917956, peqDE 1.018614, Repeat
2021-12-22 19:30:58,360 Patch 15 of 16 DE 0.917956, W.DE 0.917956, peqDE 1.018614, Repeat
2021-12-22 19:31:11,626 Patch 15 of 16 DE 1.258012, W.DE 355.994991, peqDE 1.018614, Repeat (got worse)
2021-12-22 19:31:25,191 Patch 15 of 16 DE 0.917956, W.DE 0.917956, peqDE 1.018614, Repeat
2021-12-22 19:31:45,554 Patch 15 of 16 DE 1.659514, W.DE 481.325567, peqDE 1.018614, Repeat (got worse)
2021-12-22 19:32:05,718 Patch 15 of 16 DE 1.521104, W.DE 429.811161, peqDE 1.018614, Repeat (got worse)
2021-12-22 19:32:25,557 Patch 15 of 16 DE 1.520301, W.DE 430.432060, peqDE 1.018614, Repeat (got worse)
2021-12-22 19:32:46,304 Patch 15 of 16 DE 0.917956, W.DE 0.917956, W.peqDE 1.018614, Fail ( > 0.458978)
2021-12-22 19:32:59,878 Patch 16 of 16 DE 0.000000, W.DE 0.000000, W.peqDE 0.000000, OK ( < 0.458978)
2021-12-22 19:32:59,880 
2021-12-22 19:32:59,881 Brightness error = 0.019091 cd/m^2 (is 3.445464, should be 3.426373)
2021-12-22 19:32:59,883 White point error = 0.634006 deltaE
2021-12-22 19:32:59,884 Maximum neutral error (@ 0.365761) = 1.246230 deltaE
2021-12-22 19:32:59,886 Average neutral error = 0.689325 deltaE
2021-12-22 19:32:59,887 Failed to meet target 1.500000 delta E, got worst case 0.917956
2021-12-22 19:32:59,890 Number of measurements taken = 83
2021-12-22 19:32:59,891 Computing update to calibration curves...
2021-12-22 19:33:00,125 The instrument can be removed from the screen.
2021-12-22 19:33:00,471 Written calibration file 'MStar Demo #2 2021-12-22 19-11 0.3127x 0.329y sRGB VF-S XYZLUT+MTX.cal'
2021-12-22 19:33:00,476 DisplayCAL: Reached EOF (OK)
2021-12-22 19:33:00,581 dispcal exitcode: 0
2021-12-22 19:33:00,961 --------------------------------------------------------------------------------
2021-12-22 19:33:00,966 Working directory:
2021-12-22 19:33:00,968   /
2021-12-22 19:33:00,969    tmp/
2021-12-22 19:33:00,970     DisplayCAL-mIo9Ql/
2021-12-22 19:33:00,971 
2021-12-22 19:33:00,972 Command line:
2021-12-22 19:33:00,973   /usr/bin/dispread
2021-12-22 19:33:00,974     -v
2021-12-22 19:33:00,974     -d2
2021-12-22 19:33:00,975     -c1
2021-12-22 19:33:00,976     -yr
2021-12-22 19:33:00,976     -P0.5,0.5,50.0
2021-12-22 19:33:00,977     -X
2021-12-22 19:33:00,977     ProjectorFamily_07Feb11.ccss
2021-12-22 19:33:00,978     -k
2021-12-22 19:33:00,979     'MStar Demo #2 2021-12-22 19-11 0.3127x 0.329y sRGB VF-S XYZLUT+MTX.cal'
2021-12-22 19:33:00,981     'MStar Demo #2 2021-12-22 19-11 0.3127x 0.329y sRGB VF-S XYZLUT+MTX'
2021-12-22 19:33:00,982 
2021-12-22 19:33:01,017 DisplayCAL: Starting interaction with subprocess
2021-12-22 19:33:04,590 Number of patches = 115
2021-12-22 19:33:04,594 Setting up the instrument
2021-12-22 19:33:05,736 Product Name:      Colormunki Display
2021-12-22 19:33:05,738 Serial Number:     CM-19.B-02.504495.10
2021-12-22 19:33:05,739 Firmware Version:  v2.28
2021-12-22 19:33:05,740 Firmware Date:     29Jan14
2021-12-22 19:33:05,746 dispread: Warning - new_dispwin: Expected VideoLUT depth 8 doesn't match actual 10
2021-12-22 19:33:06,064 Place instrument on test window.
2021-12-22 19:33:06,070 DisplayCAL: Waiting for send buffer
2021-12-22 19:33:06,072 DisplayCAL: Detected instrument placement (screen/spot) message
2021-12-22 19:33:07,575 DisplayCAL: Skipping place instrument on screen message...
2021-12-22 19:33:07,582 DisplayCAL: Sending buffer: ' '
2021-12-22 19:33:07,635 Hit Esc or Q to give up, any other key to continue:
2021-12-22 19:44:13,435 Patch 115 of 115
2021-12-22 19:44:13,437 The instrument can be removed from the screen.
2021-12-22 19:44:13,786 Written 'MStar Demo #2 2021-12-22 19-11 0.3127x 0.329y sRGB VF-S XYZLUT+MTX.ti3'
2021-12-22 19:44:13,791 DisplayCAL: Reached EOF (OK)
2021-12-22 19:44:13,893 dispread exitcode: 0
2021-12-22 19:44:14,449 Preparing ChromaticityType tag from TI3 colorants
2021-12-22 19:44:14,475 Storing settings in TI3
2021-12-22 19:44:14,492 Removed sample ID 15 (RGB 1.9608 1.9608 1.9608) with XYZ = 0
2021-12-22 19:44:14,622 Extracting neutrals from /tmp/DisplayCAL-mIo9Ql/MStar Demo #2 2021-12-22 19-11 0.3127x 0.329y sRGB VF-S XYZLUT+MTX.ti3
2021-12-22 19:44:14,768 Extracting neutrals from /tmp/DisplayCAL-mIo9Ql/MStar Demo #2 2021-12-22 19-11 0.3127x 0.329y sRGB VF-S XYZLUT+MTX.ti3
2021-12-22 19:44:14,889 R=G=B (>= 1% luminance) dE*00 avg 0.870758930907 peak 2.09054050943
2021-12-22 19:44:16,558 Initial cLUT resolution 4x4x4
2021-12-22 19:44:16,569 cLUT input curve segments: 4
2021-12-22 19:44:16,744 #1 X prev 0.086406 next 0.379544 clip False
2021-12-22 19:44:16,933 #2 X prev 0.379544 next 0.964200 clip False
2021-12-22 19:44:17,389 #1 Y prev 0.089722 next 0.397047 clip False
2021-12-22 19:44:17,543 #2 Y prev 0.397047 next 1.000000 clip False
2021-12-22 19:44:17,940 #1 Z prev 0.072597 next 0.320069 clip False
2021-12-22 19:44:18,063 #2 Z prev 0.320069 next 0.824900 clip False
2021-12-22 19:44:20,569 cLUT input curve segments: 33
2021-12-22 19:44:20,590 #1 X prev 0.001863 next 0.004941 clip False
2021-12-22 19:44:20,608 #2 X prev 0.004941 next 0.008594 clip False
2021-12-22 19:44:20,628 #3 X prev 0.008594 next 0.014053 clip False
2021-12-22 19:44:20,646 #4 X prev 0.014053 next 0.019838 clip False
2021-12-22 19:44:20,663 #5 X prev 0.019838 next 0.027246 clip False
2021-12-22 19:44:20,683 #6 X prev 0.027246 next 0.036347 clip False
2021-12-22 19:44:20,702 #7 X prev 0.036347 next 0.047510 clip False
2021-12-22 19:44:20,718 #8 X prev 0.047510 next 0.061030 clip False
2021-12-22 19:44:20,731 #9 X prev 0.061030 next 0.075164 clip False
2021-12-22 19:44:20,749 #10 X prev 0.075164 next 0.092211 clip False
2021-12-22 19:44:20,764 #11 X prev 0.092211 next 0.110245 clip False
2021-12-22 19:44:20,782 #12 X prev 0.110245 next 0.130274 clip False
2021-12-22 19:44:20,799 #13 X prev 0.130274 next 0.152133 clip False
2021-12-22 19:44:20,814 #14 X prev 0.152133 next 0.176928 clip False
2021-12-22 19:44:20,833 #15 X prev 0.176928 next 0.203805 clip False
2021-12-22 19:44:20,849 #16 X prev 0.203805 next 0.231414 clip False
2021-12-22 19:44:20,868 #17 X prev 0.231414 next 0.261207 clip False
2021-12-22 19:44:20,886 #18 X prev 0.261207 next 0.292618 clip False
2021-12-22 19:44:20,901 #19 X prev 0.292618 next 0.329933 clip False
2021-12-22 19:44:20,917 #20 X prev 0.329933 next 0.366503 clip False
2021-12-22 19:44:20,935 #21 X prev 0.366503 next 0.408226 clip False
2021-12-22 19:44:20,959 #22 X prev 0.408226 next 0.450473 clip False
2021-12-22 19:44:20,975 #23 X prev 0.450473 next 0.495024 clip False
2021-12-22 19:44:20,988 #24 X prev 0.495024 next 0.546844 clip False
2021-12-22 19:44:21,006 #25 X prev 0.546844 next 0.597695 clip False
2021-12-22 19:44:21,024 #26 X prev 0.597695 next 0.650550 clip False
2021-12-22 19:44:21,044 #27 X prev 0.650550 next 0.701862 clip False
2021-12-22 19:44:21,060 #28 X prev 0.701862 next 0.753515 clip False
2021-12-22 19:44:21,073 #29 X prev 0.753515 next 0.808571 clip False
2021-12-22 19:44:21,089 #30 X prev 0.808571 next 0.875927 clip False
2021-12-22 19:44:21,106 #31 X prev 0.875927 next 0.964200 clip False
2021-12-22 19:44:21,270 #1 Y prev 0.001951 next 0.005163 clip False
2021-12-22 19:44:21,281 #2 Y prev 0.005163 next 0.008941 clip False
2021-12-22 19:44:21,292 #3 Y prev 0.008941 next 0.014336 clip False
2021-12-22 19:44:21,308 #4 Y prev 0.014336 next 0.020017 clip False
2021-12-22 19:44:21,324 #5 Y prev 0.020017 next 0.028053 clip False
2021-12-22 19:44:21,340 #6 Y prev 0.028053 next 0.037662 clip False
2021-12-22 19:44:21,356 #7 Y prev 0.037662 next 0.049095 clip False
2021-12-22 19:44:21,371 #8 Y prev 0.049095 next 0.063113 clip False
2021-12-22 19:44:21,389 #9 Y prev 0.063113 next 0.078048 clip False
2021-12-22 19:44:21,405 #10 Y prev 0.078048 next 0.095762 clip False
2021-12-22 19:44:21,418 #11 Y prev 0.095762 next 0.114234 clip False
2021-12-22 19:44:21,432 #12 Y prev 0.114234 next 0.134693 clip False
2021-12-22 19:44:21,447 #13 Y prev 0.134693 next 0.157373 clip False
2021-12-22 19:44:21,464 #14 Y prev 0.157373 next 0.182225 clip False
2021-12-22 19:44:21,481 #15 Y prev 0.182225 next 0.210347 clip False
2021-12-22 19:44:21,495 #16 Y prev 0.210347 next 0.240100 clip False
2021-12-22 19:44:21,513 #17 Y prev 0.240100 next 0.271177 clip False
2021-12-22 19:44:21,530 #18 Y prev 0.271177 next 0.303376 clip False
2021-12-22 19:44:21,548 #19 Y prev 0.303376 next 0.344148 clip False
2021-12-22 19:44:21,564 #20 Y prev 0.344148 next 0.383449 clip False
2021-12-22 19:44:21,581 #21 Y prev 0.383449 next 0.426611 clip False
2021-12-22 19:44:21,602 #22 Y prev 0.426611 next 0.468190 clip False
2021-12-22 19:44:21,619 #23 Y prev 0.468190 next 0.513388 clip False
2021-12-22 19:44:21,633 #24 Y prev 0.513388 next 0.565479 clip False
2021-12-22 19:44:21,649 #25 Y prev 0.565479 next 0.619897 clip False
2021-12-22 19:44:21,665 #26 Y prev 0.619897 next 0.675718 clip False
2021-12-22 19:44:21,679 #27 Y prev 0.675718 next 0.728646 clip False
2021-12-22 19:44:21,692 #28 Y prev 0.728646 next 0.783500 clip False
2021-12-22 19:44:21,708 #29 Y prev 0.783500 next 0.842051 clip False
2021-12-22 19:44:21,725 #30 Y prev 0.842051 next 0.910138 clip False
2021-12-22 19:44:21,738 #31 Y prev 0.910138 next 1.000000 clip False
2021-12-22 19:44:21,894 #1 Z prev 0.001745 next 0.004309 clip False
2021-12-22 19:44:21,904 #2 Z prev 0.004309 next 0.007488 clip False
2021-12-22 19:44:21,918 #3 Z prev 0.007488 next 0.011741 clip False
2021-12-22 19:44:21,932 #4 Z prev 0.011741 next 0.016408 clip False
2021-12-22 19:44:21,944 #5 Z prev 0.016408 next 0.022463 clip False
2021-12-22 19:44:21,959 #6 Z prev 0.022463 next 0.030757 clip False
2021-12-22 19:44:21,970 #7 Z prev 0.030757 next 0.040142 clip False
2021-12-22 19:44:21,981 #8 Z prev 0.040142 next 0.051244 clip False
2021-12-22 19:44:21,994 #9 Z prev 0.051244 next 0.062980 clip False
2021-12-22 19:44:22,008 #10 Z prev 0.062980 next 0.077703 clip False
2021-12-22 19:44:22,020 #11 Z prev 0.077703 next 0.094565 clip False
2021-12-22 19:44:22,031 #12 Z prev 0.094565 next 0.112050 clip False
2021-12-22 19:44:22,045 #13 Z prev 0.112050 next 0.131208 clip False
2021-12-22 19:44:22,057 #14 Z prev 0.131208 next 0.149979 clip False
2021-12-22 19:44:22,073 #15 Z prev 0.149979 next 0.172854 clip False
2021-12-22 19:44:22,090 #16 Z prev 0.172854 next 0.199203 clip False
2021-12-22 19:44:22,102 #17 Z prev 0.199203 next 0.227443 clip False
2021-12-22 19:44:22,114 #18 Z prev 0.227443 next 0.257588 clip False
2021-12-22 19:44:22,126 #19 Z prev 0.257588 next 0.286479 clip False
2021-12-22 19:44:22,140 #20 Z prev 0.286479 next 0.310304 clip False
2021-12-22 19:44:22,155 #21 Z prev 0.310304 next 0.345651 clip False
2021-12-22 19:44:22,177 #22 Z prev 0.345651 next 0.380825 clip False
2021-12-22 19:44:22,191 #23 Z prev 0.380825 next 0.425745 clip False
2021-12-22 19:44:22,207 #24 Z prev 0.425745 next 0.470336 clip False
2021-12-22 19:44:22,223 #25 Z prev 0.470336 next 0.516137 clip False
2021-12-22 19:44:22,240 #26 Z prev 0.516137 next 0.563602 clip False
2021-12-22 19:44:22,252 #27 Z prev 0.563602 next 0.604499 clip False
2021-12-22 19:44:22,267 #28 Z prev 0.604499 next 0.653422 clip False
2021-12-22 19:44:22,281 #29 Z prev 0.653422 next 0.708328 clip False
2021-12-22 19:44:22,294 #30 Z prev 0.708328 next 0.761151 clip False
2021-12-22 19:44:22,311 #31 Z prev 0.761151 next 0.824900 clip False
2021-12-22 19:44:22,803 Final interpolated cLUT resolution 33x33x33
2021-12-22 19:44:22,823 --------------------------------------------------------------------------------
2021-12-22 19:44:22,824 Creating matrix from primaries
2021-12-22 19:44:22,825 Using chromatic adaptation transform matrix: Bradford
2021-12-22 19:44:23,077 Generating A2B1 by copying A2B0
2021-12-22 19:44:23,162 Making distinct A2B0
2021-12-22 19:44:23,240 Applying black point compensation to A2B0: L*a*b* 0.000000 0.000000 0.000000
2021-12-22 19:44:23,776 --------------------------------------------------------------------------------
2021-12-22 19:44:23,777 Generating B2A1 table by inverting A2B1 table
2021-12-22 19:44:23,778 
2021-12-22 19:44:23,780 Using chromatic adaptation transform matrix: Bradford
2021-12-22 19:44:23,879 Black XYZ: 0.0000 0.0000 0.0000
2021-12-22 19:44:23,881 White XYZ: 0.9642 1.0000 0.8249
2021-12-22 19:44:23,882 R XYZ: 0.4617 0.2626 0.0464
2021-12-22 19:44:23,883 G XYZ: 0.5188 0.8607 0.1013
2021-12-22 19:44:23,885 B XYZ: 0.2929 0.3105 1.1324
2021-12-22 19:44:23,886 Generating input curve PCS values...
2021-12-22 19:44:24,156 Looking up input curve RGB values...
2021-12-22 19:44:24,162 Setting up matrix
2021-12-22 19:44:24,164 Increasing saturation of actual primaries for PCS candidate to 114%...
2021-12-22 19:44:24,166 R xy 0.598986 0.340751 -> 0.634446 0.338260
2021-12-22 19:44:24,167 G xy 0.350363 0.581218 -> 0.351015 0.612392
2021-12-22 19:44:24,169 B xy 0.168750 0.178877 -> 0.143976 0.153725
2021-12-22 19:44:24,170 Checking for suitable PCS candidate...
2021-12-22 19:44:24,173 Skipping PCS candidate based on actual primaries because it does not encompass Rec. 709 blue
2021-12-22 19:44:24,177 Rec709-encompassing, variant 1 fit: 0.77 (area: 52.28%)
2021-12-22 19:44:24,179 Rec709-encompassing, variant 2 fit: 0.66 (area: 53.67%)
2021-12-22 19:44:24,183 Rec709-encompassing, variant 3 fit: 0.85 (area: 51.92%)
2021-12-22 19:44:24,185 Rec709-encompassing, variant 4 fit: 0.67 (area: 52.94%)
2021-12-22 19:44:24,187 SMPTE-431-2/DCI-P3-encompassing, variant 1 fit: 0.86 (area: 43.87%)
2021-12-22 19:44:24,188 AdobeRGB-NTSC1953-hybrid, variant 1 fit: 0.84 (area: 40.27%)
2021-12-22 19:44:24,190 SMPTE-431-2/DCI-P3-encompassing, variant 2 fit: 0.86 (area: 40.62%)
2021-12-22 19:44:24,192 AdobeRGB-NTSC1953-hybrid, variant 2 fit: 0.85 (area: 37.24%)
2021-12-22 19:44:24,194 SMPTE-431-2/DCI-P3-encompassing, variant 3 fit: 0.86 (area: 41.24%)
2021-12-22 19:44:24,196 SMPTE-431-2/DCI-P3-encompassing, variant 4 fit: 0.86 (area: 39.58%)
2021-12-22 19:44:24,198 Rec2020 fit: 0.86 (area: 35.32%)
2021-12-22 19:44:24,199 Rec2020-encompassing fit: 0.87 (area: 31.26%)
2021-12-22 19:44:24,200 Using primaries: Rec2020-encompassing
2021-12-22 19:44:24,202 Using R XYZ: 0.7051 0.2913 -0.0132
2021-12-22 19:44:24,202 Using G XYZ: 0.1683 0.7001 0.0120
2021-12-22 19:44:24,203 Using B XYZ: 0.0908 0.0087 0.8260
2021-12-22 19:44:24,204 R+G+B XYZ: 0.9642 1.0000 0.8249
2021-12-22 19:44:24,205 Correction factors: 1.0000 1.0000 1.0000
2021-12-22 19:44:24,207 Matrix 1:
2021-12-22 19:44:24,207 [1.5697189543513503, -0.374384276489851, -0.1686734625963402]
2021-12-22 19:44:24,209 [-0.6534962827173778, 1.5845849524600117, 0.05517779529165188]
2021-12-22 19:44:24,210 [0.0345079409288505, -0.02902702215492106, 1.207121427459478]
2021-12-22 19:44:24,211 Matrix 2:
2021-12-22 19:44:24,213 [1.5697092474091796, -0.37438196134514845, -0.16867241954112153]
2021-12-22 19:44:24,214 [-0.6534978681831656, 1.584588796866317, 0.05517792916005937]
2021-12-22 19:44:24,215 [0.034508348225170196, -0.029027364760100545, 1.2071356750819557]
2021-12-22 19:44:24,217 Matrix 3:
2021-12-22 19:44:24,218 [1.999969482421875, 0, 0]
2021-12-22 19:44:24,219 [0, 1.999969482421875, 0]
2021-12-22 19:44:24,220 [0, 0, 1.999969482421875]
2021-12-22 19:44:24,221 Final matrix:
2021-12-22 19:44:24,222 [3.1393705910937677, -0.748752497459543, -0.3373396916085022]
2021-12-22 19:44:24,223 [-1.3069757931940844, 3.16912923592023, 0.11035417442335482]
2021-12-22 19:44:24,225 [0.06901564333912746, -0.05805384367532926, 2.4142345113066397]
2021-12-22 19:44:24,226 Applying matrix to input curve XYZ values...
2021-12-22 19:44:24,268 Generating input curves...
2021-12-22 19:44:41,566 100%
2021-12-22 19:44:41,568 Generating A2B1 table lookup input values...
2021-12-22 19:44:41,569 cLUT grid res: 45
2021-12-22 19:44:41,570 Looking up input values through A2B1 table (6 workers)...
2021-12-22 19:44:41,572 Using CAM Jab for clipping
2021-12-22 19:56:04,742 100%
2021-12-22 19:56:04,743 Input black XYZ: 0.000000 0.000000 0.000000
2021-12-22 19:56:04,744 Input white XYZ: 0.964203 1.000000 0.824890
2021-12-22 19:56:05,061 Output black RGB: 0.0000 0.0000 0.0000
2021-12-22 19:56:05,062 Output white RGB: 100.0000 100.0000 100.0000
2021-12-22 19:56:05,301 Filling cLUT...
2021-12-22 19:56:06,203 100%
2021-12-22 19:56:07,419 Generating output curves...
2021-12-22 19:56:08,279 Setting curve entry #0 (0.000000 0.000000 0.000000) to black because it got clipped
2021-12-22 19:56:08,284 Setting curve entry #4095 (1.000000 1.000000 1.000000) to white because it got clipped
2021-12-22 19:56:08,427 Smoothing B2A1...
2021-12-22 19:56:28,481 --------------------------------------------------------------------------------
2021-12-22 19:56:28,482 Creating shaper tags in separate step
2021-12-22 19:56:28,483 Using chromatic adaptation transform matrix: Bradford
2021-12-22 19:56:28,546 Extracting neutrals from /tmp/DisplayCAL-mIo9Ql/MStar Demo #2 2021-12-22 19-11 0.3127x 0.329y sRGB VF-S XYZLUT+MTX.ti3
2021-12-22 19:56:28,604 NUMBER_OF_FIELDS 7
2021-12-22 19:56:28,604 BEGIN_DATA_FORMAT
2021-12-22 19:56:28,605 SAMPLE_ID RGB_R RGB_G RGB_B XYZ_X XYZ_Y XYZ_Z
2021-12-22 19:56:28,605 END_DATA_FORMAT
2021-12-22 19:56:28,605 
2021-12-22 19:56:28,605 NUMBER_OF_SETS 51
2021-12-22 19:56:28,606 BEGIN_DATA
2021-12-22 19:56:28,606 1 0.000000 0.000000 0.000000 0.000000 0.000000 0.000000
2021-12-22 19:56:28,606 2 3.921600 3.921600 3.921600 0.281421 0.297373 0.347578
2021-12-22 19:56:28,606 3 5.882400 5.882400 5.882400 0.442747 0.472014 0.513142
2021-12-22 19:56:28,606 4 7.843100 7.843100 7.843100 0.659873 0.689228 0.748207
2021-12-22 19:56:28,606 5 9.803900 9.803900 9.803900 0.888254 0.941408 1.045012
2021-12-22 19:56:28,607 6 11.76500 11.76500 11.76500 1.266262 1.323855 1.426232
2021-12-22 19:56:28,607 7 13.72600 13.72600 13.72600 1.611349 1.638520 1.748973
2021-12-22 19:56:28,607 8 15.68600 15.68600 15.68600 1.947392 1.991719 2.154439
2021-12-22 19:56:28,607 9 17.64700 17.64700 17.64700 2.416130 2.483901 2.660976
2021-12-22 19:56:28,607 10 19.60800 19.60800 19.60800 2.898434 3.066903 3.159285
2021-12-22 19:56:28,608 11 21.56900 21.56900 21.56900 3.485213 3.668246 3.962965
2021-12-22 19:56:28,608 12 23.52900 23.52900 23.52900 4.140944 4.316907 4.626707
2021-12-22 19:56:28,608 13 25.49000 25.49000 25.49000 4.868003 5.107876 5.485401
2021-12-22 19:56:28,608 14 27.45100 27.45100 27.45100 5.735564 6.032197 6.457769
2021-12-22 19:56:28,608 15 29.41200 29.41200 29.41200 6.597435 6.884310 7.282508
2021-12-22 19:56:28,608 16 31.37300 31.37300 31.37300 7.421412 7.846035 8.304243
2021-12-22 19:56:28,609 17 33.33300 33.33300 33.33300 8.555981 8.988282 9.539738
2021-12-22 19:56:28,609 18 35.29400 35.29400 35.29400 9.593908 10.11858 10.78148
2021-12-22 19:56:28,609 19 37.25500 37.25500 37.25500 10.71635 11.26011 12.26839
2021-12-22 19:56:28,609 20 39.21600 39.21600 39.21600 11.99081 12.53180 13.65100
2021-12-22 19:56:28,609 21 41.17600 41.17600 41.17600 13.21840 13.85025 15.11910
2021-12-22 19:56:28,609 22 43.13700 43.13700 43.13700 14.49331 15.22515 16.71754
2021-12-22 19:56:28,609 23 45.09800 45.09800 45.09800 16.15193 16.85945 18.35239
2021-12-22 19:56:28,610 24 47.05900 47.05900 47.05900 17.55176 18.30296 19.69677
2021-12-22 19:56:28,610 25 49.02000 49.02000 49.02000 19.32471 20.22552 21.92875
2021-12-22 19:56:28,610 26 50.98000 50.98000 50.98000 20.91364 21.85635 23.44579
2021-12-22 19:56:28,610 27 52.94100 52.94100 52.94100 22.69752 23.85602 26.00600
2021-12-22 19:56:28,610 28 54.90200 54.90200 54.90200 24.47476 25.79424 28.17687
2021-12-22 19:56:28,610 29 56.86300 56.86300 56.86300 26.46008 27.78550 30.63034
2021-12-22 19:56:28,611 30 58.82400 58.82400 58.82400 28.18995 29.48397 33.05709
2021-12-22 19:56:28,611 31 60.78400 60.78400 60.78400 30.66169 32.31677 35.72724
2021-12-22 19:56:28,611 32 62.74500 62.74500 62.74500 32.87367 34.72719 37.92275
2021-12-22 19:56:28,611 33 64.70600 64.70600 64.70600 35.14274 37.26535 39.84224
2021-12-22 19:56:28,611 34 66.66700 66.66700 66.66700 37.28265 39.57540 41.59844
2021-12-22 19:56:28,612 35 68.62700 68.62700 68.62700 40.20992 42.57828 45.31312
2021-12-22 19:56:28,612 36 70.58800 70.58800 70.58800 42.67830 45.20866 48.25065
2021-12-22 19:56:28,612 37 72.54900 72.54900 72.54900 45.38068 47.64855 50.73208
2021-12-22 19:56:28,612 38 74.51000 74.51000 74.51000 48.05136 50.48599 54.81271
2021-12-22 19:56:28,612 39 76.47100 76.47100 76.47100 51.23519 53.81903 59.00893
2021-12-22 19:56:28,612 40 78.43100 78.43100 78.43100 54.56540 57.04862 62.15358
2021-12-22 19:56:28,613 41 80.39200 80.39200 80.39200 57.63958 60.49195 65.86384
2021-12-22 19:56:28,613 42 82.35300 82.35300 82.35300 60.83058 63.97452 70.10189
2021-12-22 19:56:28,613 43 84.31400 84.31400 84.31400 64.18816 67.55050 73.87803
2021-12-22 19:56:28,613 44 86.27500 86.27500 86.27500 67.48310 70.92184 77.55952
2021-12-22 19:56:28,613 45 88.23500 88.23500 88.23500 70.43335 74.08520 80.34046
2021-12-22 19:56:28,613 46 90.19600 90.19600 90.19600 73.88557 77.74529 84.71325
2021-12-22 19:56:28,613 47 92.15700 92.15700 92.15700 76.92799 81.10130 89.31659
2021-12-22 19:56:28,614 48 94.11800 94.11800 94.11800 80.76143 85.14211 93.88215
2021-12-22 19:56:28,614 49 96.07800 96.07800 96.07800 84.41564 88.95964 98.09957
2021-12-22 19:56:28,614 50 98.03900 98.03900 98.03900 89.63315 94.19331 102.7178
2021-12-22 19:56:28,614 51 100.0000 100.0000 100.0000 95.16880 100.0000 108.2218
2021-12-22 19:56:28,614 END_DATA
2021-12-22 19:56:28,617 --------------------------------------------------------------------------------
2021-12-22 19:56:29,988 Black relative luminance = 0.000000
2021-12-22 19:56:29,989 Black output offset = 1.00
2021-12-22 19:56:29,989 Calibration overall transfer function ≈ sRGB (Δ 0.00%)
2021-12-22 19:56:30,094 Transfer function R ≈ sRGB (Δ 3.47%)
2021-12-22 19:56:30,199 Transfer function G ≈ sRGB (Δ 3.47%)
2021-12-22 19:56:30,304 Transfer function B ≈ sRGB (Δ 3.47%)
2021-12-22 19:56:30,307 Adding rTRC from interpolation to MStar Demo #2 2021-12-22 19-11 0.3127x 0.329y sRGB VF-S XYZLUT+MTX
2021-12-22 19:56:30,309 Adding gTRC from interpolation to MStar Demo #2 2021-12-22 19-11 0.3127x 0.329y sRGB VF-S XYZLUT+MTX
2021-12-22 19:56:30,312 Adding bTRC from interpolation to MStar Demo #2 2021-12-22 19-11 0.3127x 0.329y sRGB VF-S XYZLUT+MTX
2021-12-22 19:56:32,458 --------------------------------------------------------------------------------
2021-12-22 19:56:32,460 Working directory:
2021-12-22 19:56:32,461   /
2021-12-22 19:56:32,461    tmp/
2021-12-22 19:56:32,462     DisplayCAL-mIo9Ql/
2021-12-22 19:56:32,463 
2021-12-22 19:56:32,464 Command line:
2021-12-22 19:56:32,465   /usr/bin/profcheck
2021-12-22 19:56:32,466     'MStar Demo #2 2021-12-22 19-11 0.3127x 0.329y sRGB VF-S XYZLUT+MTX.ti3'
2021-12-22 19:56:32,468     'MStar Demo #2 2021-12-22 19-11 0.3127x 0.329y sRGB VF-S XYZLUT+MTX.icc'
2021-12-22 19:56:32,469 
2021-12-22 19:56:32,572 Profile check complete, errors: max. = 2.089875, avg. = 0.355581, RMS = 0.513826
2021-12-22 19:56:32,573 profcheck exitcode: 0
2021-12-22 19:56:32,576 --------------------------------------------------------------------------------
2021-12-22 19:56:32,577 Generating gamut views...
2021-12-22 19:56:33,330 --------------------------------------------------------------------------------
2021-12-22 19:56:33,333 Working directory:
2021-12-22 19:56:33,334   /
2021-12-22 19:56:33,334    tmp/
2021-12-22 19:56:33,335     DisplayCAL-mIo9Ql/
2021-12-22 19:56:33,336 
2021-12-22 19:56:33,337 Command line:
2021-12-22 19:56:33,338   /usr/bin/iccgamut
2021-12-22 19:56:33,339     -v
2021-12-22 19:56:33,339     -w
2021-12-22 19:56:33,340     -ir
2021-12-22 19:56:33,341     -ff
2021-12-22 19:56:33,342     -on
2021-12-22 19:56:33,343     -d10.00
2021-12-22 19:56:33,344     'MStar Demo #2 2021-12-22 19-11 0.3127x 0.329y sRGB VF-S XYZLUT+MTX.icc'
2021-12-22 19:56:33,344 
2021-12-22 19:56:34,814 Header:
2021-12-22 19:56:34,814   size         = 803944 bytes
2021-12-22 19:56:34,814   CMM          = 'argl'
2021-12-22 19:56:34,814   Version      = 2.2.0
2021-12-22 19:56:34,814   Device Class = Display
2021-12-22 19:56:34,815   Color Space  = RGB
2021-12-22 19:56:34,815   Conn. Space  = XYZ
2021-12-22 19:56:34,815   Date, Time   = 22 Dec 2021, 19:44:14
2021-12-22 19:56:34,815   Platform     = *nix
2021-12-22 19:56:34,815   Flags        = Not Embedded Profile, Use anywhere
2021-12-22 19:56:34,815   Dev. Mnfctr. = 0x0
2021-12-22 19:56:34,815   Dev. Model   = 0x0
2021-12-22 19:56:34,816   Dev. Attrbts = Reflective, Glossy, Positive, Color
2021-12-22 19:56:34,816   Rndrng Intnt = Perceptual
2021-12-22 19:56:34,816   Illuminant   = 0.96420288, 1.00000000, 0.82490540    [Lab 100.000000, 0.000000, 0.000000]
2021-12-22 19:56:34,816   Creator      = 'DCAL'
2021-12-22 19:56:34,816 
2021-12-22 19:56:34,816 Total volume of gamut is 620867.698745 cubic colorspace units
2021-12-22 19:56:34,817 iccgamut exitcode: 0
2021-12-22 19:56:39,702 --------------------------------------------------------------------------------
2021-12-22 19:56:39,702 Command line:
2021-12-22 19:56:39,703   /usr/bin/viewgam
2021-12-22 19:56:39,704     -cw
2021-12-22 19:56:39,705     -t0
2021-12-22 19:56:39,706     -w
2021-12-22 19:56:39,706     /usr/share/DisplayCAL/ref/sRGB.gam
2021-12-22 19:56:39,707     -cn
2021-12-22 19:56:39,708     -t.3
2021-12-22 19:56:39,709     -s
2021-12-22 19:56:39,709     'MStar Demo #2 2021-12-22 19-11 0.3127x 0.329y sRGB VF-S XYZLUT+MTX.gam'
2021-12-22 19:56:39,710     -i
2021-12-22 19:56:39,712     'MStar Demo #2 2021-12-22 19-11 0.3127x 0.329y sRGB VF-S XYZLUT+MTX vs
2021-12-22 19:56:39,712       sRGB.wrl'
2021-12-22 19:56:39,712 
2021-12-22 19:56:39,714 Intersecting volume = 552961.6 cubic units
2021-12-22 19:56:39,714 '/usr/share/DisplayCAL/ref/sRGB.gam' volume = 833675.1 cubic units, intersect = 66.33%
2021-12-22 19:56:39,714 'MStar Demo #2 2021-12-22 19-11 0.3127x 0.329y sRGB VF-S XYZLUT+MTX.gam' volume = 620867.7 cubic units, intersect = 89.06%
2021-12-22 19:56:39,715 --------------------------------------------------------------------------------
2021-12-22 19:56:39,715 Command line:
2021-12-22 19:56:39,716   /usr/bin/viewgam
2021-12-22 19:56:39,717     -cw
2021-12-22 19:56:39,717     -t0
2021-12-22 19:56:39,718     -w
2021-12-22 19:56:39,719     /usr/share/DisplayCAL/ref/ClayRGB1998.gam
2021-12-22 19:56:39,720     -cn
2021-12-22 19:56:39,721     -t.3
2021-12-22 19:56:39,722     -s
2021-12-22 19:56:39,723     'MStar Demo #2 2021-12-22 19-11 0.3127x 0.329y sRGB VF-S XYZLUT+MTX.gam'
2021-12-22 19:56:39,724     -i
2021-12-22 19:56:39,725     'MStar Demo #2 2021-12-22 19-11 0.3127x 0.329y sRGB VF-S XYZLUT+MTX vs
2021-12-22 19:56:39,725       ClayRGB1998.wrl'
2021-12-22 19:56:39,726 
2021-12-22 19:56:39,727 Intersecting volume = 574917.7 cubic units
2021-12-22 19:56:39,727 '/usr/share/DisplayCAL/ref/ClayRGB1998.gam' volume = 1209985.9 cubic units, intersect = 47.51%
2021-12-22 19:56:39,728 'MStar Demo #2 2021-12-22 19-11 0.3127x 0.329y sRGB VF-S XYZLUT+MTX.gam' volume = 620867.7 cubic units, intersect = 92.60%
2021-12-22 19:56:39,779 --------------------------------------------------------------------------------
2021-12-22 19:56:39,780 Command line:
2021-12-22 19:56:39,780   /usr/bin/viewgam
2021-12-22 19:56:39,781     -cw
2021-12-22 19:56:39,781     -t0
2021-12-22 19:56:39,782     -w
2021-12-22 19:56:39,783     /usr/share/DisplayCAL/ref/SMPTE431_P3.gam
2021-12-22 19:56:39,783     -cn
2021-12-22 19:56:39,784     -t.3
2021-12-22 19:56:39,785     -s
2021-12-22 19:56:39,786     'MStar Demo #2 2021-12-22 19-11 0.3127x 0.329y sRGB VF-S XYZLUT+MTX.gam'
2021-12-22 19:56:39,786     -i
2021-12-22 19:56:39,787     'MStar Demo #2 2021-12-22 19-11 0.3127x 0.329y sRGB VF-S XYZLUT+MTX vs
2021-12-22 19:56:39,788       SMPTE431_P3.wrl'
2021-12-22 19:56:39,788 
2021-12-22 19:56:39,789 Intersecting volume = 575758.2 cubic units
2021-12-22 19:56:39,789 '/usr/share/DisplayCAL/ref/SMPTE431_P3.gam' volume = 1176953.5 cubic units, intersect = 48.92%
2021-12-22 19:56:39,789 'MStar Demo #2 2021-12-22 19-11 0.3127x 0.329y sRGB VF-S XYZLUT+MTX.gam' volume = 620867.7 cubic units, intersect = 92.73%
2021-12-22 19:56:40,149 --------------------------------------------------------------------------------
