2021-12-20 19:46:15,360 --------------------------------------------------------------------------------
2021-12-20 19:46:15,363 Working directory:
2021-12-20 19:46:15,364   /
2021-12-20 19:46:15,365    tmp/
2021-12-20 19:46:15,366     DisplayCAL-vBmxeM/
2021-12-20 19:46:15,367 
2021-12-20 19:46:15,368 Command line:
2021-12-20 19:46:15,369   /usr/bin/dispcal
2021-12-20 19:46:15,370     -v2
2021-12-20 19:46:15,371     -d2
2021-12-20 19:46:15,372     -c1
2021-12-20 19:46:15,373     -yr
2021-12-20 19:46:15,374     -P0.5,0.5,50.0
2021-12-20 19:46:15,375     -X
2021-12-20 19:46:15,376     ProjectorFamily_07Feb11.ccss
2021-12-20 19:46:15,377     -qv
2021-12-20 19:46:15,378     -m
2021-12-20 19:46:15,379     -t
2021-12-20 19:46:15,380     -gs
2021-12-20 19:46:15,380     -f1.0
2021-12-20 19:46:15,381     -k0
2021-12-20 19:46:15,382     -A4.0
2021-12-20 19:46:15,383     -b
2021-12-20 19:46:15,384     'MStar Demo #2 2021-12-20 19-45 sRGB VF-F XYZLUT+MTX'
2021-12-20 19:46:15,385 
2021-12-20 19:46:15,413 DisplayCAL: Starting interaction with subprocess
2021-12-20 19:46:18,984 Setting up the instrument
2021-12-20 19:46:20,131 Product Name:      Colormunki Display
2021-12-20 19:46:20,133 Serial Number:     CM-19.B-02.504495.10
2021-12-20 19:46:20,134 Firmware Version:  v2.28
2021-12-20 19:46:20,135 Firmware Date:     29Jan14
2021-12-20 19:46:20,141 dispcal: Warning - new_dispwin: Expected VideoLUT depth 8 doesn't match actual 10
2021-12-20 19:46:20,475 Place instrument on test window.
2021-12-20 19:46:20,481 DisplayCAL: Waiting for send buffer
2021-12-20 19:46:20,483 DisplayCAL: Detected instrument placement (screen/spot) message
2021-12-20 19:46:21,986 DisplayCAL: Skipping place instrument on screen message...
2021-12-20 19:46:21,994 DisplayCAL: Sending buffer: ' '
2021-12-20 19:46:22,047 Hit Esc or Q to give up, any other key to continue:
2021-12-20 19:46:22,048 Display type is 'r'
2021-12-20 19:46:22,052 Target white = native white point
2021-12-20 19:46:22,053 Target white brightness = native brightness
2021-12-20 19:46:22,055 Target black brightness = native brightness
2021-12-20 19:46:22,056 Black point device hack is enabled
2021-12-20 19:46:22,057 Target gamma = sRGB curve
2021-12-20 19:46:22,058 Commencing display calibration
2021-12-20 19:47:47,698 Patch 9 of 9
2021-12-20 19:47:47,700 Black = XYZ 0.0125 0.0136 0.0192
2021-12-20 19:47:47,701 Red   = XYZ  1.514  0.876  0.217
2021-12-20 19:47:47,702 Green = XYZ  1.907  3.386  0.484
2021-12-20 19:47:47,704 Blue  = XYZ  1.219  1.158  5.182
2021-12-20 19:47:47,705 White = XYZ  4.508  5.298  5.886
2021-12-20 19:53:40,397 Patch 40 of 40
2021-12-20 19:53:40,943 
2021-12-20 19:53:40,945 Initial native brightness target = 5.297551 cd/m^2
2021-12-20 19:53:40,946 Target white value is XYZ 4.508260 5.297551 5.885692 [xy 0.287306 0.337606]
2021-12-20 19:53:40,947 Adjusted target black XYZ 0.0125 0.0136 0.0192, Lab 2.319 0.835 -1.069
2021-12-20 19:53:40,952 Target black after min adjust: XYZ 0.0125 0.0136 0.0192, Lab 2.319 0.835 -1.069
2021-12-20 19:53:40,953 Gamma curve input offset = 0.000000, output offset = 0.002568, power = 0.000000
2021-12-20 19:53:40,954 Total Iteration 1, Final Samples = 16 Final Repeat threshold = 1.500000
2021-12-20 19:53:40,955 Creating initial calibration curves...
2021-12-20 19:53:41,337 
2021-12-20 19:53:41,338 Doing iteration 1/1 with 16 sample points and repeat threshold of 1.500000 DE
2021-12-20 19:53:44,434 Patch 1 of 16 DE 0.000000, W.DE 0.000000, W.peqDE 0.000000, OK ( < 1.500000)
2021-12-20 19:53:47,854 Patch 2 of 16 DE 20.606080, W.DE 20.606080, peqDE 20.605994, Repeat
2021-12-20 19:53:51,105 Patch 2 of 16 DE 11.984649, W.DE 11.984649, peqDE 11.984547, Repeat
2021-12-20 19:53:54,334 Patch 2 of 16 DE 2.882789, W.DE 2.882789, peqDE 2.882722, Repeat
2021-12-20 19:53:57,547 Patch 2 of 16 DE 0.709609, W.DE 0.709609, W.peqDE 0.709754, OK ( < 1.500000)
2021-12-20 19:54:01,124 Patch 3 of 16 DE 17.256656, W.DE 17.256656, peqDE 17.436859, Repeat
2021-12-20 19:54:04,579 Patch 3 of 16 DE 10.211850, W.DE 10.211850, peqDE 10.769604, Repeat
2021-12-20 19:54:07,959 Patch 3 of 16 DE 2.560262, W.DE 2.560262, peqDE 3.142042, Repeat
2021-12-20 19:54:11,275 Patch 3 of 16 DE 0.975520, W.DE 0.975520, peqDE 1.645781, Repeat
2021-12-20 19:54:14,589 Patch 3 of 16 DE 0.604420, W.DE 0.604420, W.peqDE 0.240699, OK ( < 1.500000)
2021-12-20 19:54:18,355 Patch 4 of 16 DE 13.352559, W.DE 13.352559, peqDE 13.594116, Repeat
2021-12-20 19:54:21,920 Patch 4 of 16 DE 5.966701, W.DE 5.966701, peqDE 6.423497, Repeat
2021-12-20 19:54:25,427 Patch 4 of 16 DE 1.291380, W.DE 1.291380, peqDE 1.783928, Repeat
2021-12-20 19:54:28,899 Patch 4 of 16 DE 0.721887, W.DE 0.721887, W.peqDE 1.287437, OK ( < 1.500000)
2021-12-20 19:54:32,768 Patch 5 of 16 DE 10.145742, W.DE 10.145742, peqDE 10.213927, Repeat
2021-12-20 19:54:36,509 Patch 5 of 16 DE 3.910826, W.DE 3.910826, peqDE 3.311234, Repeat
2021-12-20 19:54:40,160 Patch 5 of 16 DE 1.053975, W.DE 1.053975, peqDE 1.762383, Repeat
2021-12-20 19:54:43,805 Patch 5 of 16 DE 0.101480, W.DE 0.101480, W.peqDE 0.750457, OK ( < 1.500000)
2021-12-20 19:54:47,796 Patch 6 of 16 DE 8.950846, W.DE 8.950846, peqDE 8.954474, Repeat
2021-12-20 19:54:51,775 Patch 6 of 16 DE 2.299698, W.DE 2.299698, peqDE 2.286966, Repeat
2021-12-20 19:54:55,677 Patch 6 of 16 DE 1.238293, W.DE 1.238293, W.peqDE 1.222831, OK ( < 1.500000)
2021-12-20 19:55:00,970 Patch 7 of 16 DE 5.343210, W.DE 5.343210, peqDE 6.087473, Repeat
2021-12-20 19:55:06,192 Patch 7 of 16 DE 1.973245, W.DE 1.973245, peqDE 2.544014, Repeat
2021-12-20 19:55:10,343 Patch 7 of 16 DE 0.485006, W.DE 0.485006, W.peqDE 1.467645, OK ( < 1.500000)
2021-12-20 19:55:16,096 Patch 8 of 16 DE 3.401719, W.DE 3.401719, peqDE 3.403923, Repeat
2021-12-20 19:55:21,775 Patch 8 of 16 DE 0.663249, W.DE 0.663249, W.peqDE 0.706185, OK ( < 1.500000)
2021-12-20 19:55:28,292 Patch 9 of 16 DE 3.517944, W.DE 3.517944, peqDE 3.366475, Repeat
2021-12-20 19:55:34,509 Patch 9 of 16 DE 0.355357, W.DE 0.355357, W.peqDE 0.815493, OK ( < 1.500000)
2021-12-20 19:55:42,165 Patch 10 of 16 DE 3.553069, W.DE 3.553069, peqDE 3.663252, Repeat
2021-12-20 19:55:49,164 Patch 10 of 16 DE 0.847608, W.DE 0.847608, W.peqDE 0.755226, OK ( < 1.500000)
2021-12-20 19:55:58,043 Patch 11 of 16 DE 2.891233, W.DE 2.891233, peqDE 3.123067, Repeat
2021-12-20 19:56:06,496 Patch 11 of 16 DE 0.712287, W.DE 0.712287, W.peqDE 0.939040, OK ( < 1.500000)
2021-12-20 19:56:17,514 Patch 12 of 16 DE 3.511663, W.DE 3.511663, peqDE 3.281089, Repeat
2021-12-20 19:56:27,271 Patch 12 of 16 DE 0.618536, W.DE 0.618536, W.peqDE 0.603581, OK ( < 1.500000)
2021-12-20 19:56:38,948 Patch 13 of 16 DE 2.912614, W.DE 2.912614, peqDE 3.261451, Repeat
2021-12-20 19:56:50,923 Patch 13 of 16 DE 2.046033, W.DE 2.046033, peqDE 1.654753, Repeat
2021-12-20 19:57:01,700 Patch 13 of 16 DE 0.126006, W.DE 0.126006, W.peqDE 0.623298, OK ( < 1.500000)
2021-12-20 19:57:15,634 Patch 14 of 16 DE 1.986044, W.DE 1.986044, peqDE 2.020257, Repeat
2021-12-20 19:57:28,031 Patch 14 of 16 DE 0.924593, W.DE 0.924593, W.peqDE 0.924530, OK ( < 0.932187)
2021-12-20 19:57:42,974 Patch 15 of 16 DE 0.779452, W.DE 0.779452, peqDE 1.000234, Repeat
2021-12-20 19:57:56,455 Patch 15 of 16 DE 0.552278, W.DE 0.552278, peqDE 0.782193, Repeat
2021-12-20 19:58:10,816 Patch 15 of 16 DE 0.258355, W.DE 0.258355, peqDE 0.918738, Repeat
2021-12-20 19:59:01,739 Patch 15 of 16 DE 0.258355, W.DE 0.258355, peqDE 0.918738, Repeat
2021-12-20 19:59:16,096 Patch 15 of 16 DE 0.264358, W.DE 0.264358, peqDE 0.926573, Repeat
2021-12-20 19:59:30,002 Patch 15 of 16 DE 0.087485, W.DE 0.087485, peqDE 0.649832, Repeat
2021-12-20 19:59:43,648 Patch 15 of 16 DE 0.087424, W.DE 0.087424, peqDE 0.649349, Repeat
2021-12-20 19:59:57,436 Patch 15 of 16 DE 0.126757, W.DE 0.126757, peqDE 0.606212, Repeat
2021-12-20 20:00:11,025 Patch 15 of 16 DE 0.124425, W.DE 0.124425, peqDE 0.622245, Repeat
2021-12-20 20:00:24,976 Patch 15 of 16 DE 0.087424, W.DE 0.087424, W.peqDE 0.649349, Fail ( > 0.459173)
2021-12-20 20:00:40,204 Patch 16 of 16 DE 0.006591, W.DE 0.006591, W.peqDE 0.006591, OK ( < 0.459173)
2021-12-20 20:00:40,205 
2021-12-20 20:00:40,207 Brightness error = 0.000000 cd/m^2 (is 5.296567, should be 5.296567)
2021-12-20 20:00:40,208 White point error = 0.000000 deltaE
2021-12-20 20:00:40,210 Maximum neutral error (@ 0.522702) = 1.237895 deltaE
2021-12-20 20:00:40,211 Average neutral error = 0.511961 deltaE
2021-12-20 20:00:40,212 Failed to meet target 1.500000 delta E, got worst case 0.087424
2021-12-20 20:00:40,213 Number of measurements taken = 53
2021-12-20 20:00:40,215 Computing update to calibration curves...
2021-12-20 20:00:40,404 The instrument can be removed from the screen.
2021-12-20 20:00:40,778 Written calibration file 'MStar Demo #2 2021-12-20 19-45 sRGB VF-F XYZLUT+MTX.cal'
2021-12-20 20:00:40,782 DisplayCAL: Reached EOF (OK)
2021-12-20 20:00:40,885 dispcal exitcode: 0
2021-12-20 20:00:41,287 --------------------------------------------------------------------------------
2021-12-20 20:00:41,289 Working directory:
2021-12-20 20:00:41,289   /
2021-12-20 20:00:41,291    tmp/
2021-12-20 20:00:41,292     DisplayCAL-vBmxeM/
2021-12-20 20:00:41,293 
2021-12-20 20:00:41,295 Command line:
2021-12-20 20:00:41,296   /usr/bin/dispread
2021-12-20 20:00:41,297     -v
2021-12-20 20:00:41,298     -d2
2021-12-20 20:00:41,299     -c1
2021-12-20 20:00:41,300     -yr
2021-12-20 20:00:41,302     -P0.5,0.5,50.0
2021-12-20 20:00:41,303     -X
2021-12-20 20:00:41,304     ProjectorFamily_07Feb11.ccss
2021-12-20 20:00:41,305     -k
2021-12-20 20:00:41,306     'MStar Demo #2 2021-12-20 19-45 sRGB VF-F XYZLUT+MTX.cal'
2021-12-20 20:00:41,307     'MStar Demo #2 2021-12-20 19-45 sRGB VF-F XYZLUT+MTX'
2021-12-20 20:00:41,308 
2021-12-20 20:00:41,342 DisplayCAL: Starting interaction with subprocess
2021-12-20 20:00:44,918 Number of patches = 79
2021-12-20 20:00:44,922 Setting up the instrument
2021-12-20 20:00:46,061 Product Name:      Colormunki Display
2021-12-20 20:00:46,063 Serial Number:     CM-19.B-02.504495.10
2021-12-20 20:00:46,064 Firmware Version:  v2.28
2021-12-20 20:00:46,065 Firmware Date:     29Jan14
2021-12-20 20:00:46,073 dispread: Warning - new_dispwin: Expected VideoLUT depth 8 doesn't match actual 10
2021-12-20 20:00:46,400 Place instrument on test window.
2021-12-20 20:00:46,406 DisplayCAL: Waiting for send buffer
2021-12-20 20:00:46,409 DisplayCAL: Detected instrument placement (screen/spot) message
2021-12-20 20:00:47,912 DisplayCAL: Skipping place instrument on screen message...
2021-12-20 20:00:47,918 DisplayCAL: Sending buffer: ' '
2021-12-20 20:00:47,972 Hit Esc or Q to give up, any other key to continue:
2021-12-20 20:07:43,818 Patch 79 of 79
2021-12-20 20:07:43,819 The instrument can be removed from the screen.
2021-12-20 20:07:44,164 Written 'MStar Demo #2 2021-12-20 19-45 sRGB VF-F XYZLUT+MTX.ti3'
2021-12-20 20:07:44,167 DisplayCAL: Reached EOF (OK)
2021-12-20 20:07:44,270 dispread exitcode: 0
2021-12-20 20:07:44,822 Preparing ChromaticityType tag from TI3 colorants
2021-12-20 20:07:44,836 Storing settings in TI3
2021-12-20 20:07:45,028 Extracting neutrals from /tmp/DisplayCAL-vBmxeM/MStar Demo #2 2021-12-20 19-45 sRGB VF-F XYZLUT+MTX.ti3
2021-12-20 20:07:45,092 Applying 0% black point correction to TI3
2021-12-20 20:07:45,281 Extracting neutrals from /tmp/DisplayCAL-vBmxeM/MStar Demo #2 2021-12-20 19-45 sRGB VF-F XYZLUT+MTX.ti3
2021-12-20 20:07:45,391 R=G=B (>= 1% luminance) dE*00 avg 0.873337849979 peak 3.95635789327
2021-12-20 20:07:47,293 Initial cLUT resolution 3x3x3
2021-12-20 20:07:47,304 cLUT input curve segments: 3
2021-12-20 20:07:47,672 #1 X prev 0.201403 next 0.964200 clip False
2021-12-20 20:07:48,340 #1 Y prev 0.208318 next 1.000000 clip False
2021-12-20 20:07:48,947 #1 Z prev 0.171793 next 0.824900 clip False
2021-12-20 20:07:49,402 cLUT input curve segments: 9
2021-12-20 20:07:49,452 #1 X prev 0.014154 next 0.047261 clip False
2021-12-20 20:07:49,511 #2 X prev 0.047261 next 0.108324 clip False
2021-12-20 20:07:49,559 #3 X prev 0.108324 next 0.201403 clip False
2021-12-20 20:07:49,603 #4 X prev 0.201403 next 0.335052 clip False
2021-12-20 20:07:49,657 #5 X prev 0.335052 next 0.496508 clip False
2021-12-20 20:07:49,709 #6 X prev 0.496508 next 0.718565 clip False
2021-12-20 20:07:49,757 #7 X prev 0.718565 next 0.964200 clip False
2021-12-20 20:07:49,987 #1 Y prev 0.014481 next 0.048724 clip False
2021-12-20 20:07:50,034 #2 Y prev 0.048724 next 0.112603 clip False
2021-12-20 20:07:50,082 #3 Y prev 0.112603 next 0.208318 clip False
2021-12-20 20:07:50,141 #4 Y prev 0.208318 next 0.347738 clip False
2021-12-20 20:07:50,212 #5 Y prev 0.347738 next 0.516456 clip False
2021-12-20 20:07:50,265 #6 Y prev 0.516456 next 0.743168 clip False
2021-12-20 20:07:50,314 #7 Y prev 0.743168 next 1.000000 clip False
2021-12-20 20:07:50,526 #1 Z prev 0.012169 next 0.041060 clip False
2021-12-20 20:07:50,572 #2 Z prev 0.041060 next 0.092305 clip False
2021-12-20 20:07:50,620 #3 Z prev 0.092305 next 0.171793 clip False
2021-12-20 20:07:50,683 #4 Z prev 0.171793 next 0.280817 clip False
2021-12-20 20:07:50,728 #5 Z prev 0.280817 next 0.426938 clip False
2021-12-20 20:07:50,777 #6 Z prev 0.426938 next 0.613377 clip False
2021-12-20 20:07:50,825 #7 Z prev 0.613377 next 0.824900 clip False
2021-12-20 20:07:51,011 Final interpolated cLUT resolution 9x9x9
2021-12-20 20:07:51,013 --------------------------------------------------------------------------------
2021-12-20 20:07:51,014 Creating matrix from primaries
2021-12-20 20:07:51,014 Using chromatic adaptation transform matrix: Bradford
2021-12-20 20:07:51,036 Generating A2B1 by copying A2B0
2021-12-20 20:07:51,082 Making distinct A2B0
2021-12-20 20:07:51,086 Applying black point compensation to A2B0: L*a*b* 0.000000 0.000000 0.000000
2021-12-20 20:07:51,282 --------------------------------------------------------------------------------
2021-12-20 20:07:51,283 Generating B2A1 table by inverting A2B1 table
2021-12-20 20:07:51,284 
2021-12-20 20:07:51,285 Using chromatic adaptation transform matrix: Bradford
2021-12-20 20:07:51,327 Black XYZ: 0.0025 0.0026 0.0021
2021-12-20 20:07:51,328 White XYZ: 0.9642 1.0000 0.8249
2021-12-20 20:07:51,329 R XYZ: 0.3357 0.1839 0.0297
2021-12-20 20:07:51,330 G XYZ: 0.4506 0.6379 0.0715
2021-12-20 20:07:51,331 B XYZ: 0.2093 0.2033 0.7231
2021-12-20 20:07:51,332 Generating input curve PCS values...
2021-12-20 20:07:51,801 Looking up input curve RGB values...
2021-12-20 20:07:51,805 Setting up matrix
2021-12-20 20:07:51,807 Increasing saturation of actual primaries for PCS candidate to 115%...
2021-12-20 20:07:51,809 R xy 0.611099 0.334796 -> 0.650908 0.331235
2021-12-20 20:07:51,810 G xy 0.388446 0.549891 -> 0.394857 0.578594
2021-12-20 20:07:51,811 B xy 0.184285 0.179019 -> 0.160073 0.152091
2021-12-20 20:07:51,812 Checking for suitable PCS candidate...
2021-12-20 20:07:51,814 Skipping PCS candidate based on actual primaries because it does not encompass Rec. 709 blue
2021-12-20 20:07:51,817 Rec709-encompassing, variant 1 fit: 1.03 (area: 46.02%)
2021-12-20 20:07:51,818 Using primaries: Rec709-encompassing, variant 1
2021-12-20 20:07:51,819 Using R XYZ: 0.4858 0.2242 0.0015
2021-12-20 20:07:51,820 Using G XYZ: 0.3599 0.7326 0.0681
2021-12-20 20:07:51,822 Using B XYZ: 0.1185 0.0432 0.7553
2021-12-20 20:07:51,823 R+G+B XYZ: 0.9642 1.0000 0.8249
2021-12-20 20:07:51,824 Correction factors: 1.0000 1.0000 1.0000
2021-12-20 20:07:51,825 Matrix 1:
2021-12-20 20:07:51,826 [2.6443266000333088, -1.2671854900907105, -0.34243449831665096]
2021-12-20 20:07:51,827 [-0.8132078188032739, 1.7620115550086903, 0.02677103149645555]
2021-12-20 20:07:51,829 [0.06804998251154655, -0.15628104056263473, 1.3221811703539847]
2021-12-20 20:07:51,830 Matrix 2:
2021-12-20 20:07:51,831 [2.6442975337435684, -1.267171561258845, -0.3424307342958431]
2021-12-20 20:07:51,832 [-0.8132099380290951, 1.7620161468243356, 0.026771101261969233]
2021-12-20 20:07:51,833 [0.06805085633370112, -0.15628304734985995, 1.3221981483333514]
2021-12-20 20:07:51,835 Matrix 3:
2021-12-20 20:07:51,835 [1.999969482421875, 0, 0]
2021-12-20 20:07:51,836 [0, 1.999969482421875, 0]
2021-12-20 20:07:51,837 [0, 0, 1.999969482421875]
2021-12-20 20:07:51,838 Final matrix:
2021-12-20 20:07:51,839 [5.288514369930565, -2.5343044515105717, -0.6848510184349998]
2021-12-20 20:07:51,841 [-1.6263950588603744, 3.523978521183253, 0.05354138553476421]
2021-12-20 20:07:51,842 [0.1360996359200776, -0.3125613253196128, 2.644355946381414]
2021-12-20 20:07:51,843 Applying matrix to input curve XYZ values...
2021-12-20 20:07:51,884 Generating input curves...
2021-12-20 20:08:03,563 100%
2021-12-20 20:08:03,564 Generating A2B1 table lookup input values...
2021-12-20 20:08:03,565 cLUT grid res: 45
2021-12-20 20:08:03,566 Looking up input values through A2B1 table (6 workers)...
2021-12-20 20:08:03,567 Using CAM Jab for clipping
2021-12-20 20:09:12,071 100%
2021-12-20 20:09:12,072 Input black XYZ: 0.002472 0.002563 0.002136
2021-12-20 20:09:12,073 Input white XYZ: 0.964203 1.000000 0.824890
2021-12-20 20:09:12,369 Output black RGB: 0.0000 0.0001 0.0000
2021-12-20 20:09:12,370 Output white RGB: 100.0000 100.0000 100.0000
2021-12-20 20:09:12,624 Filling cLUT...
2021-12-20 20:09:13,480 100%
2021-12-20 20:09:14,606 Generating output curves...
2021-12-20 20:09:15,300 Setting curve entry #0 (0.000000 0.000000 0.000000) to black because it got clipped
2021-12-20 20:09:15,301 Setting curve entry #1 (0.000000 0.000001 0.000000) to black because it got clipped
2021-12-20 20:09:15,307 Setting curve entry #4095 (1.000000 1.000000 1.000000) to white because it got clipped
2021-12-20 20:09:15,468 Smoothing B2A1...
2021-12-20 20:09:37,412 Generating B2A0 table by inverting A2B0 table
2021-12-20 20:09:37,413 
2021-12-20 20:09:37,414 Using chromatic adaptation transform matrix: Bradford
2021-12-20 20:09:37,476 Black XYZ: 0.0000 0.0000 0.0000
2021-12-20 20:09:37,477 White XYZ: 0.9642 1.0000 0.8249
2021-12-20 20:09:37,479 R XYZ: 0.3341 0.1830 0.0296
2021-12-20 20:09:37,480 G XYZ: 0.4484 0.6348 0.0712
2021-12-20 20:09:37,481 B XYZ: 0.2083 0.2023 0.7195
2021-12-20 20:09:37,482 Generating input curve PCS values...
2021-12-20 20:09:37,794 Looking up input curve RGB values...
2021-12-20 20:09:37,858 R+G+B XYZ: 0.9691 1.0051 0.8291
2021-12-20 20:09:37,859 Correction factors: 0.9949 0.9949 0.9949
2021-12-20 20:09:37,861 Matrix 1:
2021-12-20 20:09:37,862 [2.646237540106785, -1.2712939666787269, -0.34588448228502705]
2021-12-20 20:09:37,863 [-0.8201559620808673, 1.7656789607644965, 0.024266227213570944]
2021-12-20 20:09:37,864 [0.06336973273006326, -0.15755039339449897, 1.3230226102978617]
2021-12-20 20:09:37,865 Matrix 2:
2021-12-20 20:09:37,866 [2.6598046941254117, -1.2778118399941303, -0.34765781819032315]
2021-12-20 20:09:37,867 [-0.8243608688922169, 1.7747315261691767, 0.02439063918984584]
2021-12-20 20:09:37,869 [0.06369462681498102, -0.15835814795941688, 1.3298056942999552]
2021-12-20 20:09:37,870 Matrix 3:
2021-12-20 20:09:37,871 [1.999969482421875, 0, 0]
2021-12-20 20:09:37,872 [0, 1.999969482421875, 0]
2021-12-20 20:09:37,873 [0, 0, 1.999969482421875]
2021-12-20 20:09:37,874 Final matrix:
2021-12-20 20:09:37,875 [5.319528217453273, -2.5555846842656047, -0.6953050267060189]
2021-12-20 20:09:37,877 [-1.6486965802872142, 3.549408891830353, 0.04878053403645469]
2021-12-20 20:09:37,878 [0.12738730982421206, -0.3167114632116817, 2.6595708061507435]
2021-12-20 20:09:37,879 Applying matrix to input curve XYZ values...
2021-12-20 20:09:37,922 Generating input curves...
2021-12-20 20:09:51,148 100%
2021-12-20 20:09:51,161 --------------------------------------------------------------------------------
2021-12-20 20:09:51,161 Creating shaper tags in separate step
2021-12-20 20:09:51,162 Using chromatic adaptation transform matrix: Bradford
2021-12-20 20:09:51,201 Extracting neutrals from /tmp/DisplayCAL-vBmxeM/MStar Demo #2 2021-12-20 19-45 sRGB VF-F XYZLUT+MTX.ti3
2021-12-20 20:09:51,238 NUMBER_OF_FIELDS 7
2021-12-20 20:09:51,239 BEGIN_DATA_FORMAT
2021-12-20 20:09:51,239 SAMPLE_ID RGB_R RGB_G RGB_B XYZ_X XYZ_Y XYZ_Z
2021-12-20 20:09:51,239 END_DATA_FORMAT
2021-12-20 20:09:51,239 
2021-12-20 20:09:51,239 NUMBER_OF_SETS 52
2021-12-20 20:09:51,239 BEGIN_DATA
2021-12-20 20:09:51,239 1 0.000000 0.000000 0.000000 0.219154 0.257536 0.285799
2021-12-20 20:09:51,240 2 1.960800 1.960800 1.960800 0.298631 0.342614 0.394510
2021-12-20 20:09:51,240 3 3.921600 3.921600 3.921600 0.432669 0.492561 0.563946
2021-12-20 20:09:51,240 4 5.882400 5.882400 5.882400 0.621867 0.719977 0.809475
2021-12-20 20:09:51,240 5 7.843100 7.843100 7.843100 0.818184 0.940631 1.110943
2021-12-20 20:09:51,240 6 9.803900 9.803900 9.803900 1.024543 1.184076 1.295374
2021-12-20 20:09:51,240 7 11.76500 11.76500 11.76500 1.342328 1.559212 1.748638
2021-12-20 20:09:51,240 8 13.72600 13.72600 13.72600 1.688773 1.954271 2.228330
2021-12-20 20:09:51,240 9 15.68600 15.68600 15.68600 2.030421 2.366025 2.629376
2021-12-20 20:09:51,240 10 17.64700 17.64700 17.64700 2.382866 2.772017 3.120418
2021-12-20 20:09:51,241 11 19.60800 19.60800 19.60800 2.841268 3.319064 3.857537
2021-12-20 20:09:51,241 12 21.56900 21.56900 21.56900 3.332918 3.890348 4.417727
2021-12-20 20:09:51,241 13 23.52900 23.52900 23.52900 3.917771 4.578005 5.286551
2021-12-20 20:09:51,241 14 25.49000 25.49000 25.49000 4.545843 5.299288 5.933931
2021-12-20 20:09:51,241 15 27.45100 27.45100 27.45100 5.256947 6.126539 6.983234
2021-12-20 20:09:51,241 16 29.41200 29.41200 29.41200 5.997353 6.990530 7.888993
2021-12-20 20:09:51,241 17 31.37300 31.37300 31.37300 6.840667 8.061283 8.941634
2021-12-20 20:09:51,241 18 33.33300 33.33300 33.33300 7.744752 9.054171 10.31189
2021-12-20 20:09:51,241 19 35.29400 35.29400 35.29400 8.644357 10.12940 11.39542
2021-12-20 20:09:51,242 20 37.25500 37.25500 37.25500 9.607754 11.31703 12.50193
2021-12-20 20:09:51,242 21 39.21600 39.21600 39.21600 10.70490 12.65876 13.78059
2021-12-20 20:09:51,242 22 41.17600 41.17600 41.17600 11.95166 14.08813 15.65439
2021-12-20 20:09:51,242 23 43.13700 43.13700 43.13700 13.02772 15.34212 17.09151
2021-12-20 20:09:51,242 24 45.09800 45.09800 45.09800 14.24445 16.64463 19.09752
2021-12-20 20:09:51,242 25 47.05900 47.05900 47.05900 15.53457 18.00666 20.82647
2021-12-20 20:09:51,242 26 49.02000 49.02000 49.02000 17.18224 20.03892 22.62059
2021-12-20 20:09:51,242 27 50.98000 50.98000 50.98000 18.73307 22.04803 24.07581
2021-12-20 20:09:51,242 28 52.94100 52.94100 52.94100 20.45499 23.98368 25.82946
2021-12-20 20:09:51,242 29 54.90200 54.90200 54.90200 21.99746 25.92139 27.28075
2021-12-20 20:09:51,243 30 56.86300 56.86300 56.86300 23.85940 28.14286 29.71874
2021-12-20 20:09:51,243 31 58.82400 58.82400 58.82400 25.65494 30.17742 32.46931
2021-12-20 20:09:51,243 32 60.78400 60.78400 60.78400 27.78985 32.72795 35.08810
2021-12-20 20:09:51,243 33 62.74500 62.74500 62.74500 29.92836 35.23715 38.40575
2021-12-20 20:09:51,243 34 64.70600 64.70600 64.70600 32.21362 37.90438 41.67694
2021-12-20 20:09:51,243 35 66.66700 66.66700 66.66700 34.39501 40.49729 44.40647
2021-12-20 20:09:51,243 36 68.62700 68.62700 68.62700 36.44959 42.93825 47.26033
2021-12-20 20:09:51,243 37 70.58800 70.58800 70.58800 38.88193 45.73224 50.76929
2021-12-20 20:09:51,243 38 72.54900 72.54900 72.54900 40.84671 48.04016 53.40302
2021-12-20 20:09:51,244 39 74.51000 74.51000 74.51000 43.18337 50.96159 56.80996
2021-12-20 20:09:51,244 40 76.47100 76.47100 76.47100 46.06445 54.22071 60.01979
2021-12-20 20:09:51,244 41 78.43100 78.43100 78.43100 48.67371 57.26788 63.45489
2021-12-20 20:09:51,244 42 80.39200 80.39200 80.39200 51.16933 60.16024 66.37543
2021-12-20 20:09:51,244 43 82.35300 82.35300 82.35300 54.13117 63.75101 70.40309
2021-12-20 20:09:51,244 44 84.31400 84.31400 84.31400 57.76953 67.89842 75.23002
2021-12-20 20:09:51,244 45 86.27500 86.27500 86.27500 61.11102 71.54130 79.04934
2021-12-20 20:09:51,244 46 88.23500 88.23500 88.23500 64.82886 75.96601 84.67324
2021-12-20 20:09:51,245 47 90.19600 90.19600 90.19600 69.21260 81.36568 90.15596
2021-12-20 20:09:51,245 48 92.15700 92.15700 92.15700 74.91031 87.77102 98.15913
2021-12-20 20:09:51,245 49 94.11800 94.11800 94.11800 81.79558 94.37968 108.4793
2021-12-20 20:09:51,245 50 96.07800 96.07800 96.07800 83.55844 97.18531 110.4717
2021-12-20 20:09:51,245 51 98.03900 98.03900 98.03900 84.37091 98.57697 110.3324
2021-12-20 20:09:51,245 52 100.0000 100.0000 100.0000 85.09647 100.0000 110.9746
2021-12-20 20:09:51,245 END_DATA
2021-12-20 20:09:51,247 --------------------------------------------------------------------------------
2021-12-20 20:09:52,427 Black relative luminance = 0.002575
2021-12-20 20:09:52,427 Black output offset = 1.00
2021-12-20 20:09:52,428 Calibration overall transfer function ≈ sRGB (Δ 0.00%)
2021-12-20 20:09:52,556 Transfer function R ≈ sRGB (Δ 8.83%)
2021-12-20 20:09:52,683 Transfer function G ≈ sRGB (Δ 8.83%)
2021-12-20 20:09:52,812 Transfer function B ≈ sRGB (Δ 8.83%)
2021-12-20 20:09:52,814 Adding rTRC from interpolation to MStar Demo #2 2021-12-20 19-45 sRGB VF-F XYZLUT+MTX
2021-12-20 20:09:52,815 Adding gTRC from interpolation to MStar Demo #2 2021-12-20 19-45 sRGB VF-F XYZLUT+MTX
2021-12-20 20:09:52,816 Adding bTRC from interpolation to MStar Demo #2 2021-12-20 19-45 sRGB VF-F XYZLUT+MTX
2021-12-20 20:09:52,818 --------------------------------------------------------------------------------
2021-12-20 20:09:52,818 Applying black point compensation to rTRC
2021-12-20 20:09:52,819 Applying black point compensation to gTRC
2021-12-20 20:09:52,819 Applying black point compensation to bTRC
2021-12-20 20:09:54,167 --------------------------------------------------------------------------------
2021-12-20 20:09:54,169 Working directory:
2021-12-20 20:09:54,170   /
2021-12-20 20:09:54,170    tmp/
2021-12-20 20:09:54,171     DisplayCAL-vBmxeM/
2021-12-20 20:09:54,172 
2021-12-20 20:09:54,172 Command line:
2021-12-20 20:09:54,173   /usr/bin/profcheck
2021-12-20 20:09:54,174     'MStar Demo #2 2021-12-20 19-45 sRGB VF-F XYZLUT+MTX.ti3'
2021-12-20 20:09:54,174     'MStar Demo #2 2021-12-20 19-45 sRGB VF-F XYZLUT+MTX.icc'
2021-12-20 20:09:54,175 
2021-12-20 20:09:54,210 Profile check complete, errors: max. = 2.465370, avg. = 0.267231, RMS = 0.472838
2021-12-20 20:09:54,211 profcheck exitcode: 0
2021-12-20 20:09:54,214 --------------------------------------------------------------------------------
2021-12-20 20:09:54,215 Generating gamut views...
2021-12-20 20:09:54,969 --------------------------------------------------------------------------------
2021-12-20 20:09:54,971 Working directory:
2021-12-20 20:09:54,972   /
2021-12-20 20:09:54,973    tmp/
2021-12-20 20:09:54,973     DisplayCAL-vBmxeM/
2021-12-20 20:09:54,974 
2021-12-20 20:09:54,975 Command line:
2021-12-20 20:09:54,976   /usr/bin/iccgamut
2021-12-20 20:09:54,976     -v
2021-12-20 20:09:54,977     -w
2021-12-20 20:09:54,978     -ir
2021-12-20 20:09:54,979     -ff
2021-12-20 20:09:54,980     -on
2021-12-20 20:09:54,981     -d10.00
2021-12-20 20:09:54,981     'MStar Demo #2 2021-12-20 19-45 sRGB VF-F XYZLUT+MTX.icc'
2021-12-20 20:09:54,982 
2021-12-20 20:09:55,646 Header:
2021-12-20 20:09:55,647   size         = 1182328 bytes
2021-12-20 20:09:55,647   CMM          = 'argl'
2021-12-20 20:09:55,647   Version      = 2.2.0
2021-12-20 20:09:55,647   Device Class = Display
2021-12-20 20:09:55,647   Color Space  = RGB
2021-12-20 20:09:55,647   Conn. Space  = XYZ
2021-12-20 20:09:55,648   Date, Time   = 20 Dec 2021, 20:07:45
2021-12-20 20:09:55,648   Platform     = *nix
2021-12-20 20:09:55,648   Flags        = Not Embedded Profile, Use anywhere
2021-12-20 20:09:55,648   Dev. Mnfctr. = 0x0
2021-12-20 20:09:55,648   Dev. Model   = 0x0
2021-12-20 20:09:55,648   Dev. Attrbts = Reflective, Glossy, Positive, Color
2021-12-20 20:09:55,648   Rndrng Intnt = Perceptual
2021-12-20 20:09:55,648   Illuminant   = 0.96420288, 1.00000000, 0.82490540    [Lab 100.000000, 0.000000, 0.000000]
2021-12-20 20:09:55,649   Creator      = 'DCAL'
2021-12-20 20:09:55,649 
2021-12-20 20:09:55,649 Total volume of gamut is 439400.763568 cubic colorspace units
2021-12-20 20:09:55,650 iccgamut exitcode: 0
2021-12-20 20:09:58,366 --------------------------------------------------------------------------------
2021-12-20 20:09:58,367 Command line:
2021-12-20 20:09:58,368   /usr/bin/viewgam
2021-12-20 20:09:58,372     -cw
2021-12-20 20:09:58,373     -t0
2021-12-20 20:09:58,374     -w
2021-12-20 20:09:58,375     /usr/share/DisplayCAL/ref/sRGB.gam
2021-12-20 20:09:58,376     -cn
2021-12-20 20:09:58,377     -t.3
2021-12-20 20:09:58,378     -s
2021-12-20 20:09:58,379     'MStar Demo #2 2021-12-20 19-45 sRGB VF-F XYZLUT+MTX.gam'
2021-12-20 20:09:58,380     -i
2021-12-20 20:09:58,381     'MStar Demo #2 2021-12-20 19-45 sRGB VF-F XYZLUT+MTX vs sRGB.wrl'
2021-12-20 20:09:58,382 
2021-12-20 20:09:58,384 Intersecting volume = 436993.1 cubic units
2021-12-20 20:09:58,384 '/usr/share/DisplayCAL/ref/sRGB.gam' volume = 833675.1 cubic units, intersect = 52.42%
2021-12-20 20:09:58,384 'MStar Demo #2 2021-12-20 19-45 sRGB VF-F XYZLUT+MTX.gam' volume = 439400.8 cubic units, intersect = 99.45%
2021-12-20 20:09:58,465 --------------------------------------------------------------------------------
2021-12-20 20:09:58,466 Command line:
2021-12-20 20:09:58,467   /usr/bin/viewgam
2021-12-20 20:09:58,467     -cw
2021-12-20 20:09:58,468     -t0
2021-12-20 20:09:58,468     -w
2021-12-20 20:09:58,469     /usr/share/DisplayCAL/ref/ClayRGB1998.gam
2021-12-20 20:09:58,470     -cn
2021-12-20 20:09:58,470     -t.3
2021-12-20 20:09:58,471     -s
2021-12-20 20:09:58,472     'MStar Demo #2 2021-12-20 19-45 sRGB VF-F XYZLUT+MTX.gam'
2021-12-20 20:09:58,472     -i
2021-12-20 20:09:58,473     'MStar Demo #2 2021-12-20 19-45 sRGB VF-F XYZLUT+MTX vs ClayRGB1998.wrl'
2021-12-20 20:09:58,473 
2021-12-20 20:09:58,474 Intersecting volume = 439401.3 cubic units
2021-12-20 20:09:58,474 '/usr/share/DisplayCAL/ref/ClayRGB1998.gam' volume = 1209985.9 cubic units, intersect = 36.31%
2021-12-20 20:09:58,475 'MStar Demo #2 2021-12-20 19-45 sRGB VF-F XYZLUT+MTX.gam' volume = 439400.8 cubic units, intersect = 100.00%
2021-12-20 20:09:58,475 --------------------------------------------------------------------------------
2021-12-20 20:09:58,476 Command line:
2021-12-20 20:09:58,476   /usr/bin/viewgam
2021-12-20 20:09:58,477     -cw
2021-12-20 20:09:58,477     -t0
2021-12-20 20:09:58,478     -w
2021-12-20 20:09:58,479     /usr/share/DisplayCAL/ref/SMPTE431_P3.gam
2021-12-20 20:09:58,479     -cn
2021-12-20 20:09:58,480     -t.3
2021-12-20 20:09:58,480     -s
2021-12-20 20:09:58,481     'MStar Demo #2 2021-12-20 19-45 sRGB VF-F XYZLUT+MTX.gam'
2021-12-20 20:09:58,482     -i
2021-12-20 20:09:58,482     'MStar Demo #2 2021-12-20 19-45 sRGB VF-F XYZLUT+MTX vs SMPTE431_P3.wrl'
2021-12-20 20:09:58,483 
2021-12-20 20:09:58,484 Intersecting volume = 439264.9 cubic units
2021-12-20 20:09:58,484 '/usr/share/DisplayCAL/ref/SMPTE431_P3.gam' volume = 1176953.5 cubic units, intersect = 37.32%
2021-12-20 20:09:58,484 'MStar Demo #2 2021-12-20 19-45 sRGB VF-F XYZLUT+MTX.gam' volume = 439400.8 cubic units, intersect = 99.97%
2021-12-20 20:09:58,792 --------------------------------------------------------------------------------
